This file contains any messages produced by compilers while
running configure, to aid debugging if configure makes a mistake.

It was created by configure, which was
generated by GNU Autoconf 2.57.  Invocation command line was

  $ /home/mkulke/Apps/kasablanca-0.3/configure --prefix=/opt/kde3

## --------- ##
## Platform. ##
## --------- ##

hostname = magnusmachine
uname -m = i686
uname -r = 2.4.21-192-athlon
uname -s = Linux
uname -v = #1 Wed Feb 18 19:28:00 UTC 2004

/usr/bin/uname -p = unknown
/bin/uname -X     = unknown

/bin/arch              = i686
/usr/bin/arch -k       = unknown
/usr/convex/getsysinfo = unknown
hostinfo               = unknown
/bin/machine           = unknown
/usr/bin/oslevel       = unknown
/bin/universe          = unknown

PATH: /usr/local/bin
PATH: /usr/bin
PATH: /usr/X11R6/bin
PATH: /bin
PATH: /usr/games
PATH: /opt/gnome/bin
PATH: /opt/kde3/bin
PATH: /usr/lib/java/jre/bin


## ----------- ##
## Core tests. ##
## ----------- ##

configure:1511: checking build system type
configure:1529: result: i686-pc-linux-gnu
configure:1537: checking host system type
configure:1551: result: i686-pc-linux-gnu
configure:1559: checking target system type
configure:1573: result: i686-pc-linux-gnu
configure:1619: checking for a BSD-compatible install
configure:1673: result: /usr/bin/install -c
configure:1688: checking for -p flag to install
configure:1701: result: yes
configure:1712: checking whether build environment is sane
configure:1755: result: yes
configure:1775: checking for gawk
configure:1791: found /usr/bin/gawk
configure:1801: result: gawk
configure:1811: checking whether make sets $(MAKE)
configure:1831: result: yes
configure:2044: checking for style of include used by make
configure:2072: result: GNU
configure:2219: checking for gcc
configure:2235: found /usr/bin/gcc
configure:2245: result: gcc
configure:2489: checking for C compiler version
configure:2492: gcc --version </dev/null >&5
gcc (GCC) 3.3.1 (SuSE Linux)
Copyright (C) 2003 Free Software Foundation, Inc.
This is free software; see the source for copying conditions.  There is NO
warranty; not even for MERCHANTABILITY or FITNESS FOR A PARTICULAR PURPOSE.

configure:2495: $? = 0
configure:2497: gcc -v </dev/null >&5
Reading specs from /usr/lib/gcc-lib/i586-suse-linux/3.3.1/specs
Configured with: ../configure --enable-threads=posix --prefix=/usr --with-local-prefix=/usr/local --infodir=/usr/share/info --mandir=/usr/share/man --libdir=/usr/lib --enable-languages=c,c++,f77,objc,java,ada --disable-checking --enable-libgcj --with-gxx-include-dir=/usr/include/g++ --with-slibdir=/lib --with-system-zlib --enable-shared --enable-__cxa_atexit i586-suse-linux
Thread model: posix
gcc version 3.3.1 (SuSE Linux)
configure:2500: $? = 0
configure:2502: gcc -V </dev/null >&5
gcc: `-V' option must have argument
configure:2505: $? = 1
configure:2529: checking for C compiler default output
configure:2532: gcc     conftest.c  >&5
configure:2535: $? = 0
configure:2581: result: a.out
configure:2586: checking whether the C compiler works
configure:2592: ./a.out
configure:2595: $? = 0
configure:2612: result: yes
configure:2619: checking whether we are cross compiling
configure:2621: result: no
configure:2624: checking for suffix of executables
configure:2626: gcc -o conftest     conftest.c  >&5
configure:2629: $? = 0
configure:2654: result: 
configure:2660: checking for suffix of object files
configure:2682: gcc -c    conftest.c >&5
configure:2685: $? = 0
configure:2707: result: o
configure:2711: checking whether we are using the GNU C compiler
configure:2736: gcc -c    conftest.c >&5
configure:2739: $? = 0
configure:2742: test -s conftest.o
configure:2745: $? = 0
configure:2758: result: yes
configure:2764: checking whether gcc accepts -g
configure:2786: gcc -c -g  conftest.c >&5
configure:2789: $? = 0
configure:2792: test -s conftest.o
configure:2795: $? = 0
configure:2806: result: yes
configure:2823: checking for gcc option to accept ANSI C
configure:2884: gcc  -c    conftest.c >&5
configure:2887: $? = 0
configure:2890: test -s conftest.o
configure:2893: $? = 0
configure:2911: result: none needed
configure:2929: gcc -c    conftest.c >&5
conftest.c:2: error: parse error before "me"
configure:2932: $? = 1
configure: failed program was:
| #ifndef __cplusplus
|   choke me
| #endif
configure:3043: checking dependency style of gcc
configure:3126: result: gcc3
configure:3149: checking how to run the C preprocessor
configure:3185: gcc -E  conftest.c
configure:3191: $? = 0
configure:3223: gcc -E  conftest.c
conftest.c:12:28: ac_nonexistent.h: No such file or directory
configure:3229: $? = 1
configure: failed program was:
| /* #line 3214 "configure" */
| /* confdefs.h.  */
| 
| #define PACKAGE_NAME ""
| #define PACKAGE_TARNAME ""
| #define PACKAGE_VERSION ""
| #define PACKAGE_STRING ""
| #define PACKAGE_BUGREPORT ""
| #define PACKAGE "kasablanca"
| #define VERSION "0.3"
| /* end confdefs.h.  */
| #include <ac_nonexistent.h>
configure:3267: result: gcc -E
configure:3292: gcc -E  conftest.c
configure:3298: $? = 0
configure:3330: gcc -E  conftest.c
conftest.c:12:28: ac_nonexistent.h: No such file or directory
configure:3336: $? = 1
configure: failed program was:
| /* #line 3321 "configure" */
| /* confdefs.h.  */
| 
| #define PACKAGE_NAME ""
| #define PACKAGE_TARNAME ""
| #define PACKAGE_VERSION ""
| #define PACKAGE_STRING ""
| #define PACKAGE_BUGREPORT ""
| #define PACKAGE "kasablanca"
| #define VERSION "0.3"
| /* end confdefs.h.  */
| #include <ac_nonexistent.h>
configure:3459: checking for g++
configure:3475: found /usr/bin/g++
configure:3485: result: g++
configure:3501: checking for C++ compiler version
configure:3504: g++ --version </dev/null >&5
g++ (GCC) 3.3.1 (SuSE Linux)
Copyright (C) 2003 Free Software Foundation, Inc.
This is free software; see the source for copying conditions.  There is NO
warranty; not even for MERCHANTABILITY or FITNESS FOR A PARTICULAR PURPOSE.

configure:3507: $? = 0
configure:3509: g++ -v </dev/null >&5
Reading specs from /usr/lib/gcc-lib/i586-suse-linux/3.3.1/specs
Configured with: ../configure --enable-threads=posix --prefix=/usr --with-local-prefix=/usr/local --infodir=/usr/share/info --mandir=/usr/share/man --libdir=/usr/lib --enable-languages=c,c++,f77,objc,java,ada --disable-checking --enable-libgcj --with-gxx-include-dir=/usr/include/g++ --with-slibdir=/lib --with-system-zlib --enable-shared --enable-__cxa_atexit i586-suse-linux
Thread model: posix
gcc version 3.3.1 (SuSE Linux)
configure:3512: $? = 0
configure:3514: g++ -V </dev/null >&5
g++: `-V' option must have argument
configure:3517: $? = 1
configure:3520: checking whether we are using the GNU C++ compiler
configure:3545: g++ -c    conftest.cc >&5
configure:3548: $? = 0
configure:3551: test -s conftest.o
configure:3554: $? = 0
configure:3567: result: yes
configure:3573: checking whether g++ accepts -g
configure:3595: g++ -c -g  conftest.cc >&5
configure:3598: $? = 0
configure:3601: test -s conftest.o
configure:3604: $? = 0
configure:3615: result: yes
configure:3659: g++ -c    conftest.cc >&5
configure:3662: $? = 0
configure:3665: test -s conftest.o
configure:3668: $? = 0
configure:3695: g++ -c    conftest.cc >&5
conftest.cc: In function `int main()':
conftest.cc:16: error: `exit' undeclared (first use this function)
conftest.cc:16: error: (Each undeclared identifier is reported only once for 
   each function it appears in.)
configure:3698: $? = 1
configure: failed program was:
| /* #line 3678 "configure" */
| /* confdefs.h.  */
| 
| #define PACKAGE_NAME ""
| #define PACKAGE_TARNAME ""
| #define PACKAGE_VERSION ""
| #define PACKAGE_STRING ""
| #define PACKAGE_BUGREPORT ""
| #define PACKAGE "kasablanca"
| #define VERSION "0.3"
| /* end confdefs.h.  */
| 
| int
| main ()
| {
| exit (42);
|   ;
|   return 0;
| }
configure:3659: g++ -c    conftest.cc >&5
configure:3662: $? = 0
configure:3665: test -s conftest.o
configure:3668: $? = 0
configure:3695: g++ -c    conftest.cc >&5
configure:3698: $? = 0
configure:3701: test -s conftest.o
configure:3704: $? = 0
configure:3729: checking dependency style of g++
configure:3812: result: gcc3
configure:4105: checking whether g++ supports -Wmissing-format-attribute
configure:4142: rm -rf SunWS_cache; g++ -o conftest -ansi -D_XOPEN_SOURCE=500 -D_BSD_SOURCE -Wcast-align -Wconversion -Wchar-subscripts -O2   -Wmissing-format-attribute   conftest.cc  1>&5
cc1plus: warning: -Wmissing-format-attribute ignored without -Wformat
configure:4145: $? = 0
configure:4148: test -s conftest
configure:4151: $? = 0
configure:4171: result: yes
configure:4186: checking whether g++ supports -Wundef
configure:4223: rm -rf SunWS_cache; g++ -o conftest -Wall -pedantic -W -Wpointer-arith -Wwrite-strings -ansi -D_XOPEN_SOURCE=500 -D_BSD_SOURCE -Wcast-align -Wconversion -Wchar-subscripts -O2   -Wformat-security -Wmissing-format-attribute -Wundef   conftest.cc  1>&5
configure:4226: $? = 0
configure:4229: test -s conftest
configure:4232: $? = 0
configure:4252: result: yes
configure:4264: checking whether g++ supports -Wno-long-long
configure:4301: rm -rf SunWS_cache; g++ -o conftest -Wundef -Wall -pedantic -W -Wpointer-arith -Wwrite-strings -ansi -D_XOPEN_SOURCE=500 -D_BSD_SOURCE -Wcast-align -Wconversion -Wchar-subscripts -O2   -Wformat-security -Wmissing-format-attribute -Wno-long-long   conftest.cc  1>&5
configure:4304: $? = 0
configure:4307: test -s conftest
configure:4310: $? = 0
configure:4330: result: yes
configure:4342: checking whether g++ supports -Wnon-virtual-dtor
configure:4379: rm -rf SunWS_cache; g++ -o conftest -Wno-long-long -Wundef -Wall -pedantic -W -Wpointer-arith -Wwrite-strings -ansi -D_XOPEN_SOURCE=500 -D_BSD_SOURCE -Wcast-align -Wconversion -Wchar-subscripts -O2   -Wformat-security -Wmissing-format-attribute -Wnon-virtual-dtor   conftest.cc  1>&5
configure:4382: $? = 0
configure:4385: test -s conftest
configure:4388: $? = 0
configure:4408: result: yes
configure:4428: checking whether g++ supports -fno-exceptions
configure:4465: rm -rf SunWS_cache; g++ -o conftest -Wnon-virtual-dtor -Wno-long-long -Wundef -Wall -pedantic -W -Wpointer-arith -Wwrite-strings -ansi -D_XOPEN_SOURCE=500 -D_BSD_SOURCE -Wcast-align -Wconversion -Wchar-subscripts -O2   -Wformat-security -Wmissing-format-attribute -fno-exceptions   conftest.cc  1>&5
configure:4468: $? = 0
configure:4471: test -s conftest
configure:4474: $? = 0
configure:4494: result: yes
configure:4506: checking whether g++ supports -fno-check-new
configure:4543: rm -rf SunWS_cache; g++ -o conftest -Wnon-virtual-dtor -Wno-long-long -Wundef -Wall -pedantic -W -Wpointer-arith -Wwrite-strings -ansi -D_XOPEN_SOURCE=500 -D_BSD_SOURCE -Wcast-align -Wconversion -Wchar-subscripts -O2   -Wformat-security -Wmissing-format-attribute -fno-exceptions -fno-check-new   conftest.cc  1>&5
configure:4546: $? = 0
configure:4549: test -s conftest
configure:4552: $? = 0
configure:4572: result: yes
configure:4584: checking whether g++ supports -fno-common
configure:4621: rm -rf SunWS_cache; g++ -o conftest -Wnon-virtual-dtor -Wno-long-long -Wundef -Wall -pedantic -W -Wpointer-arith -Wwrite-strings -ansi -D_XOPEN_SOURCE=500 -D_BSD_SOURCE -Wcast-align -Wconversion -Wchar-subscripts -O2   -Wformat-security -Wmissing-format-attribute -fno-exceptions -fno-check-new -fno-common   conftest.cc  1>&5
configure:4624: $? = 0
configure:4627: test -s conftest
configure:4630: $? = 0
configure:4650: result: yes
configure:4662: checking whether g++ supports -fexceptions
configure:4699: rm -rf SunWS_cache; g++ -o conftest -Wnon-virtual-dtor -Wno-long-long -Wundef -Wall -pedantic -W -Wpointer-arith -Wwrite-strings -ansi -D_XOPEN_SOURCE=500 -D_BSD_SOURCE -Wcast-align -Wconversion -Wchar-subscripts -O2   -Wformat-security -Wmissing-format-attribute -fno-exceptions -fno-check-new -fno-common -fexceptions   conftest.cc  1>&5
configure:4702: $? = 0
configure:4705: test -s conftest
configure:4708: $? = 0
configure:4728: result: yes
configure:5329: checking how to run the C++ preprocessor
configure:5361: g++ -E  conftest.cc
configure:5367: $? = 0
configure:5399: g++ -E  conftest.cc
conftest.cc:15:28: ac_nonexistent.h: No such file or directory
configure:5405: $? = 1
configure: failed program was:
| /* #line 5390 "configure" */
| /* confdefs.h.  */
| 
| #define PACKAGE_NAME ""
| #define PACKAGE_TARNAME ""
| #define PACKAGE_VERSION ""
| #define PACKAGE_STRING ""
| #define PACKAGE_BUGREPORT ""
| #define PACKAGE "kasablanca"
| #define VERSION "0.3"
| #ifdef __cplusplus
| #include <stdlib.h>
| #endif
| /* end confdefs.h.  */
| #include <ac_nonexistent.h>
configure:5443: result: g++ -E
configure:5468: g++ -E  conftest.cc
configure:5474: $? = 0
configure:5506: g++ -E  conftest.cc
conftest.cc:15:28: ac_nonexistent.h: No such file or directory
configure:5512: $? = 1
configure: failed program was:
| /* #line 5497 "configure" */
| /* confdefs.h.  */
| 
| #define PACKAGE_NAME ""
| #define PACKAGE_TARNAME ""
| #define PACKAGE_VERSION ""
| #define PACKAGE_STRING ""
| #define PACKAGE_BUGREPORT ""
| #define PACKAGE "kasablanca"
| #define VERSION "0.3"
| #ifdef __cplusplus
| #include <stdlib.h>
| #endif
| /* end confdefs.h.  */
| #include <ac_nonexistent.h>
configure:5559: checking whether g++ supports -O0
configure:5596: rm -rf SunWS_cache; g++ -o conftest -Wnon-virtual-dtor -Wno-long-long -Wundef -Wall -pedantic -W -Wpointer-arith -Wwrite-strings -ansi -D_XOPEN_SOURCE=500 -D_BSD_SOURCE -Wcast-align -Wconversion -Wchar-subscripts -O2 -Wformat-security -Wmissing-format-attribute -fno-exceptions -fno-check-new -fno-common -O0   conftest.cc  1>&5
configure:5599: $? = 0
configure:5602: test -s conftest
configure:5605: $? = 0
configure:5625: result: yes
configure:5921: result: not using lib directory suffix
configure:5977: checking for ld used by GCC
configure:6041: result: /usr/i586-suse-linux/bin/ld
configure:6050: checking if the linker (/usr/i586-suse-linux/bin/ld) is GNU ld
GNU ld version 2.14.90.0.5 20030722 (SuSE Linux)
configure:6062: result: yes
configure:6067: checking for /usr/i586-suse-linux/bin/ld option to reload object files
configure:6074: result: -r
configure:6083: checking for BSD-compatible nm
configure:6118: result: /usr/bin/nm -B
configure:6122: checking for a sed that does not truncate output
configure:6198: result: 
configure:6201: checking whether ln -s works
configure:6205: result: yes
configure:6212: checking how to recognise dependant libraries
configure:6402: result: pass_all
configure:6472: gcc -c -ansi -W -Wall -pedantic -Wchar-subscripts -Wshadow -Wpointer-arith -Wmissing-prototypes -Wwrite-strings -D_XOPEN_SOURCE=500 -D_BSD_SOURCE -O2   -Wformat-security -Wmissing-format-attribute  conftest.c >&5
configure:6475: $? = 0
configure:6561: checking for egrep
configure:6571: result: grep -E
configure:6576: checking for ANSI C header files
configure:6602: gcc -c -ansi -W -Wall -pedantic -Wchar-subscripts -Wshadow -Wpointer-arith -Wmissing-prototypes -Wwrite-strings -D_XOPEN_SOURCE=500 -D_BSD_SOURCE -O2   -Wformat-security -Wmissing-format-attribute  conftest.c >&5
configure:6605: $? = 0
configure:6608: test -s conftest.o
configure:6611: $? = 0
configure:6700: gcc -o conftest -ansi -W -Wall -pedantic -Wchar-subscripts -Wshadow -Wpointer-arith -Wmissing-prototypes -Wwrite-strings -D_XOPEN_SOURCE=500 -D_BSD_SOURCE -O2   -Wformat-security -Wmissing-format-attribute   conftest.c  >&5
conftest.c: In function `main':
conftest.c:33: warning: implicit declaration of function `exit'
configure:6703: $? = 0
configure:6705: ./conftest
configure:6708: $? = 0
configure:6723: result: yes
configure:6747: checking for sys/types.h
configure:6764: gcc -c -ansi -W -Wall -pedantic -Wchar-subscripts -Wshadow -Wpointer-arith -Wmissing-prototypes -Wwrite-strings -D_XOPEN_SOURCE=500 -D_BSD_SOURCE -O2   -Wformat-security -Wmissing-format-attribute  conftest.c >&5
configure:6767: $? = 0
configure:6770: test -s conftest.o
configure:6773: $? = 0
configure:6784: result: yes
configure:6747: checking for sys/stat.h
configure:6764: gcc -c -ansi -W -Wall -pedantic -Wchar-subscripts -Wshadow -Wpointer-arith -Wmissing-prototypes -Wwrite-strings -D_XOPEN_SOURCE=500 -D_BSD_SOURCE -O2   -Wformat-security -Wmissing-format-attribute  conftest.c >&5
configure:6767: $? = 0
configure:6770: test -s conftest.o
configure:6773: $? = 0
configure:6784: result: yes
configure:6747: checking for stdlib.h
configure:6764: gcc -c -ansi -W -Wall -pedantic -Wchar-subscripts -Wshadow -Wpointer-arith -Wmissing-prototypes -Wwrite-strings -D_XOPEN_SOURCE=500 -D_BSD_SOURCE -O2   -Wformat-security -Wmissing-format-attribute  conftest.c >&5
configure:6767: $? = 0
configure:6770: test -s conftest.o
configure:6773: $? = 0
configure:6784: result: yes
configure:6747: checking for string.h
configure:6764: gcc -c -ansi -W -Wall -pedantic -Wchar-subscripts -Wshadow -Wpointer-arith -Wmissing-prototypes -Wwrite-strings -D_XOPEN_SOURCE=500 -D_BSD_SOURCE -O2   -Wformat-security -Wmissing-format-attribute  conftest.c >&5
configure:6767: $? = 0
configure:6770: test -s conftest.o
configure:6773: $? = 0
configure:6784: result: yes
configure:6747: checking for memory.h
configure:6764: gcc -c -ansi -W -Wall -pedantic -Wchar-subscripts -Wshadow -Wpointer-arith -Wmissing-prototypes -Wwrite-strings -D_XOPEN_SOURCE=500 -D_BSD_SOURCE -O2   -Wformat-security -Wmissing-format-attribute  conftest.c >&5
configure:6767: $? = 0
configure:6770: test -s conftest.o
configure:6773: $? = 0
configure:6784: result: yes
configure:6747: checking for strings.h
configure:6764: gcc -c -ansi -W -Wall -pedantic -Wchar-subscripts -Wshadow -Wpointer-arith -Wmissing-prototypes -Wwrite-strings -D_XOPEN_SOURCE=500 -D_BSD_SOURCE -O2   -Wformat-security -Wmissing-format-attribute  conftest.c >&5
configure:6767: $? = 0
configure:6770: test -s conftest.o
configure:6773: $? = 0
configure:6784: result: yes
configure:6747: checking for inttypes.h
configure:6764: gcc -c -ansi -W -Wall -pedantic -Wchar-subscripts -Wshadow -Wpointer-arith -Wmissing-prototypes -Wwrite-strings -D_XOPEN_SOURCE=500 -D_BSD_SOURCE -O2   -Wformat-security -Wmissing-format-attribute  conftest.c >&5
configure:6767: $? = 0
configure:6770: test -s conftest.o
configure:6773: $? = 0
configure:6784: result: yes
configure:6747: checking for stdint.h
configure:6764: gcc -c -ansi -W -Wall -pedantic -Wchar-subscripts -Wshadow -Wpointer-arith -Wmissing-prototypes -Wwrite-strings -D_XOPEN_SOURCE=500 -D_BSD_SOURCE -O2   -Wformat-security -Wmissing-format-attribute  conftest.c >&5
configure:6767: $? = 0
configure:6770: test -s conftest.o
configure:6773: $? = 0
configure:6784: result: yes
configure:6747: checking for unistd.h
configure:6764: gcc -c -ansi -W -Wall -pedantic -Wchar-subscripts -Wshadow -Wpointer-arith -Wmissing-prototypes -Wwrite-strings -D_XOPEN_SOURCE=500 -D_BSD_SOURCE -O2   -Wformat-security -Wmissing-format-attribute  conftest.c >&5
configure:6767: $? = 0
configure:6770: test -s conftest.o
configure:6773: $? = 0
configure:6784: result: yes
configure:6810: checking dlfcn.h usability
configure:6823: gcc -c -ansi -W -Wall -pedantic -Wchar-subscripts -Wshadow -Wpointer-arith -Wmissing-prototypes -Wwrite-strings -D_XOPEN_SOURCE=500 -D_BSD_SOURCE -O2   -Wformat-security -Wmissing-format-attribute  conftest.c >&5
configure:6826: $? = 0
configure:6829: test -s conftest.o
configure:6832: $? = 0
configure:6842: result: yes
configure:6846: checking dlfcn.h presence
configure:6857: gcc -E  conftest.c
configure:6863: $? = 0
configure:6882: result: yes
configure:6918: checking for dlfcn.h
configure:6925: result: yes
configure:6942: checking the maximum length of command line arguments
configure:6990: result: 32768
configure:7001: checking command to parse /usr/bin/nm -B output from gcc object
configure:7086: gcc -c -ansi -W -Wall -pedantic -Wchar-subscripts -Wshadow -Wpointer-arith -Wmissing-prototypes -Wwrite-strings -D_XOPEN_SOURCE=500 -D_BSD_SOURCE -O2   -Wformat-security -Wmissing-format-attribute  conftest.c >&5
conftest.c:5: warning: no previous prototype for `nm_test_func'
configure:7089: $? = 0
configure:7093: /usr/bin/nm -B conftest.o \| sed -n -e 's/^.*[ 	]\([ABCDGISTW][ABCDGISTW]*\)[ 	][ 	]*\(\)\([_A-Za-z][_A-Za-z0-9]*\)$/\1 \2\3 \3/p' \> conftest.nm
configure:7096: $? = 0
configure:7148: gcc -o conftest -ansi -W -Wall -pedantic -Wchar-subscripts -Wshadow -Wpointer-arith -Wmissing-prototypes -Wwrite-strings -D_XOPEN_SOURCE=500 -D_BSD_SOURCE -O2   -Wformat-security -Wmissing-format-attribute   conftest.c conftstm.o >&5
configure:7151: $? = 0
configure:7189: result: ok
configure:7193: checking for objdir
configure:7208: result: .libs
configure:7298: checking for ranlib
configure:7314: found /usr/bin/ranlib
configure:7325: result: ranlib
configure:7378: checking for strip
configure:7394: found /usr/bin/strip
configure:7405: result: strip
configure:7668: checking if gcc static flag  works
conftest.c:1: warning: return type defaults to `int'
configure:7691: result: no
configure:7708: checking if gcc supports -fno-rtti -fno-exceptions
cc1: warning: "-fno-rtti" is valid for C++ but not for C/ObjC
cc1: warning: "-fno-rtti" is valid for C++ but not for C/ObjC
configure:7732: result: no
configure:7747: checking for gcc option to produce PIC
configure:7908: result: -fPIC
configure:7915: checking if gcc PIC flag -fPIC works
configure:7939: result: yes
configure:7963: checking if gcc supports -c -o file.o
configure:8004: result: yes
configure:8030: checking whether the gcc linker (/usr/i586-suse-linux/bin/ld) supports shared libraries
configure:8813: result: yes
configure:8835: checking whether -lc should be explicitly linked in
configure:8840: gcc -c -ansi -W -Wall -pedantic -Wchar-subscripts -Wshadow -Wpointer-arith -Wmissing-prototypes -Wwrite-strings -D_XOPEN_SOURCE=500 -D_BSD_SOURCE -O2   -Wformat-security -Wmissing-format-attribute  conftest.c >&5
conftest.c:1: warning: `dummy' defined but not used
configure:8843: $? = 0
configure:8857: gcc -shared conftest.o  -v -Wl,-soname -Wl,conftest -o conftest 2\>\&1 \| grep  -lc  \>/dev/null 2\>\&1
configure:8860: $? = 0
configure:8872: result: no
configure:8878: checking how to hardcode library paths into programs
configure:8902: result: immediate
configure:8916: checking whether stripping libraries is possible
configure:8921: result: yes
configure:8928: checking dynamic linker characteristics
configure:9380: result: GNU/Linux ld.so
configure:10033: checking if libtool supports shared libraries
configure:10035: result: yes
configure:10038: checking whether to build shared libraries
configure:10059: result: yes
configure:10062: checking whether to build static libraries
configure:10066: result: no
configure:10145: creating libtool
configure:10870: checking whether the g++ linker (/usr/i586-suse-linux/bin/ld) supports shared libraries
configure:11535: result: yes
configure:11552: g++ -c -Wnon-virtual-dtor -Wno-long-long -Wundef -Wall -pedantic -W -Wpointer-arith -Wwrite-strings -ansi -D_XOPEN_SOURCE=500 -D_BSD_SOURCE -Wcast-align -Wconversion -Wchar-subscripts -O2 -Wformat-security -Wmissing-format-attribute -fno-exceptions -fno-check-new -fno-common  conftest.cc >&5
configure:11555: $? = 0
configure:11655: checking for g++ option to produce PIC
configure:11897: result: -fPIC
configure:11904: checking if g++ PIC flag -fPIC works
configure:11928: result: yes
configure:11952: checking if g++ supports -c -o file.o
configure:11993: result: yes
configure:12019: checking whether the g++ linker (/usr/i586-suse-linux/bin/ld) supports shared libraries
configure:12041: result: yes
configure:12063: checking whether -lc should be explicitly linked in
configure:12068: g++ -c -Wnon-virtual-dtor -Wno-long-long -Wundef -Wall -pedantic -W -Wpointer-arith -Wwrite-strings -ansi -D_XOPEN_SOURCE=500 -D_BSD_SOURCE -Wcast-align -Wconversion -Wchar-subscripts -O2 -Wformat-security -Wmissing-format-attribute -fno-exceptions -fno-check-new -fno-common  conftest.cc >&5
conftest.cc:1: warning: `int dummy' defined but not used
configure:12071: $? = 0
configure:12085: g++ -shared -nostdlib  conftest.o   -v -Wl,-soname -Wl,conftest -o conftest 2\>\&1 \| grep  -lc  \>/dev/null 2\>\&1
configure:12088: $? = 1
configure:12100: result: yes
configure:12106: checking how to hardcode library paths into programs
configure:12130: result: immediate
configure:12144: checking whether stripping libraries is possible
configure:12149: result: yes
configure:12156: checking dynamic linker characteristics
configure:12608: result: GNU/Linux ld.so
configure:13677: checking if gcj supports -fno-rtti -fno-exceptions
configure:13701: result: no
configure:13716: checking for gcj option to produce PIC
configure:13877: result: -fPIC
configure:13884: checking if gcj PIC flag -fPIC works
configure:13908: result: no
configure:13932: checking if gcj supports -c -o file.o
configure:13973: result: no
configure:13999: checking whether the gcj linker (/usr/i586-suse-linux/bin/ld) supports shared libraries
configure:14782: result: yes
configure:14804: checking whether -lc should be explicitly linked in
configure:14809: gcj -c -ansi -W -Wall -pedantic -Wchar-subscripts -Wshadow -Wpointer-arith -Wmissing-prototypes -Wwrite-strings -D_XOPEN_SOURCE=500 -D_BSD_SOURCE -O2   -Wformat-security -Wmissing-format-attribute  conftest.java >&5
/home/mkulke/Apps/kasablanca-0.3/configure: line 1: gcj: command not found
configure:14812: $? = 127
configure:14841: result: yes
configure:14847: checking how to hardcode library paths into programs
configure:14871: result: immediate
configure:14885: checking whether stripping libraries is possible
configure:14890: result: yes
configure:14897: checking dynamic linker characteristics
configure:15349: result: GNU/Linux ld.so
configure:16894: checking for msgfmt
configure:16921: result: /usr/bin/msgfmt
configure:16930: checking for gmsgfmt
configure:16961: result: /usr/bin/msgfmt
configure:16980: checking for xgettext
configure:17007: result: /usr/bin/xgettext
configure:17101: checking for strlcat
configure:17150: g++ -c -Wnon-virtual-dtor -Wno-long-long -Wundef -Wall -pedantic -W -Wpointer-arith -Wwrite-strings -ansi -D_XOPEN_SOURCE=500 -D_BSD_SOURCE -Wcast-align -Wconversion -Wchar-subscripts -O2 -Wformat-security -Wmissing-format-attribute -fno-exceptions -fno-check-new -fno-common -pedantic-errors  conftest.cc >&5
conftest.cc: In function `int main()':
conftest.cc:38: error: `strlcat' undeclared (first use this function)
conftest.cc:38: error: (Each undeclared identifier is reported only once for 
   each function it appears in.)
configure:17153: $? = 1
configure: failed program was:
| /* #line 17124 "configure" */
| /* confdefs.h.  */
| 
| #define PACKAGE_NAME ""
| #define PACKAGE_TARNAME ""
| #define PACKAGE_VERSION ""
| #define PACKAGE_STRING ""
| #define PACKAGE_BUGREPORT ""
| #define PACKAGE "kasablanca"
| #define VERSION "0.3"
| #ifdef __cplusplus
| #include <stdlib.h>
| #endif
| #define KDELIBSUFF ""
| #define STDC_HEADERS 1
| #define HAVE_SYS_TYPES_H 1
| #define HAVE_SYS_STAT_H 1
| #define HAVE_STDLIB_H 1
| #define HAVE_STRING_H 1
| #define HAVE_MEMORY_H 1
| #define HAVE_STRINGS_H 1
| #define HAVE_INTTYPES_H 1
| #define HAVE_STDINT_H 1
| #define HAVE_UNISTD_H 1
| #define HAVE_DLFCN_H 1
| /* end confdefs.h.  */
| 
| 
| #include <string.h>
| 
| 
| int
| main ()
| {
| 
|  char buf[20];
|   buf[0]='\0';
|   strlcat(buf, "KDE function test", sizeof(buf));
| 
| 
|   ;
|   return 0;
| }
configure:17181: result: no
configure:17184: checking if strlcat needs custom prototype
configure:17278: result: yes - in libkdefakes
configure:17303: checking for strlcpy
configure:17351: g++ -c -Wnon-virtual-dtor -Wno-long-long -Wundef -Wall -pedantic -W -Wpointer-arith -Wwrite-strings -ansi -D_XOPEN_SOURCE=500 -D_BSD_SOURCE -Wcast-align -Wconversion -Wchar-subscripts -O2 -Wformat-security -Wmissing-format-attribute -fno-exceptions -fno-check-new -fno-common -pedantic-errors  conftest.cc >&5
conftest.cc: In function `int main()':
conftest.cc:37: error: `strlcpy' undeclared (first use this function)
conftest.cc:37: error: (Each undeclared identifier is reported only once for 
   each function it appears in.)
configure:17354: $? = 1
configure: failed program was:
| /* #line 17326 "configure" */
| /* confdefs.h.  */
| 
| #define PACKAGE_NAME ""
| #define PACKAGE_TARNAME ""
| #define PACKAGE_VERSION ""
| #define PACKAGE_STRING ""
| #define PACKAGE_BUGREPORT ""
| #define PACKAGE "kasablanca"
| #define VERSION "0.3"
| #ifdef __cplusplus
| #include <stdlib.h>
| #endif
| #define KDELIBSUFF ""
| #define STDC_HEADERS 1
| #define HAVE_SYS_TYPES_H 1
| #define HAVE_SYS_STAT_H 1
| #define HAVE_STDLIB_H 1
| #define HAVE_STRING_H 1
| #define HAVE_MEMORY_H 1
| #define HAVE_STRINGS_H 1
| #define HAVE_INTTYPES_H 1
| #define HAVE_STDINT_H 1
| #define HAVE_UNISTD_H 1
| #define HAVE_DLFCN_H 1
| /* end confdefs.h.  */
| 
| 
| #include <string.h>
| 
| 
| int
| main ()
| {
| 
|  char buf[20];
|   strlcpy(buf, "KDE function test", sizeof(buf));
| 
| 
|   ;
|   return 0;
| }
configure:17382: result: no
configure:17385: checking if strlcpy needs custom prototype
configure:17478: result: yes - in libkdefakes
configure:17508: checking for main in -lutil
configure:17533: gcc -o conftest -ansi -W -Wall -pedantic -Wchar-subscripts -Wshadow -Wpointer-arith -Wmissing-prototypes -Wwrite-strings -D_XOPEN_SOURCE=500 -D_BSD_SOURCE -O2   -Wformat-security -Wmissing-format-attribute   conftest.c -lutil   >&5
configure:17536: $? = 0
configure:17539: test -s conftest
configure:17542: $? = 0
configure:17554: result: yes
configure:17560: checking for main in -lcompat
configure:17585: gcc -o conftest -ansi -W -Wall -pedantic -Wchar-subscripts -Wshadow -Wpointer-arith -Wmissing-prototypes -Wwrite-strings -D_XOPEN_SOURCE=500 -D_BSD_SOURCE -O2   -Wformat-security -Wmissing-format-attribute   conftest.c -lcompat   >&5
/usr/lib/gcc-lib/i586-suse-linux/3.3.1/../../../../i586-suse-linux/bin/ld: cannot find -lcompat
collect2: ld returned 1 exit status
configure:17588: $? = 1
configure: failed program was:
| /* #line 17567 "configure" */
| /* confdefs.h.  */
| 
| #define PACKAGE_NAME ""
| #define PACKAGE_TARNAME ""
| #define PACKAGE_VERSION ""
| #define PACKAGE_STRING ""
| #define PACKAGE_BUGREPORT ""
| #define PACKAGE "kasablanca"
| #define VERSION "0.3"
| #ifdef __cplusplus
| #include <stdlib.h>
| #endif
| #define KDELIBSUFF ""
| #define STDC_HEADERS 1
| #define HAVE_SYS_TYPES_H 1
| #define HAVE_SYS_STAT_H 1
| #define HAVE_STDLIB_H 1
| #define HAVE_STRING_H 1
| #define HAVE_MEMORY_H 1
| #define HAVE_STRINGS_H 1
| #define HAVE_INTTYPES_H 1
| #define HAVE_STDINT_H 1
| #define HAVE_UNISTD_H 1
| #define HAVE_DLFCN_H 1
| /* end confdefs.h.  */
| 
| 
| int
| main ()
| {
| main ();
|   ;
|   return 0;
| }
configure:17606: result: no
configure:17613: checking for crypt in -lcrypt
configure:17644: gcc -o conftest -ansi -W -Wall -pedantic -Wchar-subscripts -Wshadow -Wpointer-arith -Wmissing-prototypes -Wwrite-strings -D_XOPEN_SOURCE=500 -D_BSD_SOURCE -O2   -Wformat-security -Wmissing-format-attribute   conftest.c -lcrypt   >&5
configure:17647: $? = 0
configure:17650: test -s conftest
configure:17653: $? = 0
configure:17665: result: yes
configure:17749: checking for socklen_t
configure:17789: g++ -c -Wnon-virtual-dtor -Wno-long-long -Wundef -Wall -pedantic -W -Wpointer-arith -Wwrite-strings -ansi -D_XOPEN_SOURCE=500 -D_BSD_SOURCE -Wcast-align -Wconversion -Wchar-subscripts -O2 -Wformat-security -Wmissing-format-attribute -fno-exceptions -fno-check-new -fno-common  conftest.cc >&5
configure:17792: $? = 0
configure:17795: test -s conftest.o
configure:17798: $? = 0
configure:17861: result: socklen_t
configure:17883: checking for dnet_ntoa in -ldnet
configure:17914: gcc -o conftest -ansi -W -Wall -pedantic -Wchar-subscripts -Wshadow -Wpointer-arith -Wmissing-prototypes -Wwrite-strings -D_XOPEN_SOURCE=500 -D_BSD_SOURCE -O2   -Wformat-security -Wmissing-format-attribute   conftest.c -ldnet   >&5
/usr/lib/gcc-lib/i586-suse-linux/3.3.1/../../../../i586-suse-linux/bin/ld: cannot find -ldnet
collect2: ld returned 1 exit status
configure:17917: $? = 1
configure: failed program was:
| /* #line 17890 "configure" */
| /* confdefs.h.  */
| 
| #define PACKAGE_NAME ""
| #define PACKAGE_TARNAME ""
| #define PACKAGE_VERSION ""
| #define PACKAGE_STRING ""
| #define PACKAGE_BUGREPORT ""
| #define PACKAGE "kasablanca"
| #define VERSION "0.3"
| #ifdef __cplusplus
| #include <stdlib.h>
| #endif
| #define KDELIBSUFF ""
| #define STDC_HEADERS 1
| #define HAVE_SYS_TYPES_H 1
| #define HAVE_SYS_STAT_H 1
| #define HAVE_STDLIB_H 1
| #define HAVE_STRING_H 1
| #define HAVE_MEMORY_H 1
| #define HAVE_STRINGS_H 1
| #define HAVE_INTTYPES_H 1
| #define HAVE_STDINT_H 1
| #define HAVE_UNISTD_H 1
| #define HAVE_DLFCN_H 1
| #define HAVE_CRYPT 1
| #define ksize_t socklen_t
| /* end confdefs.h.  */
| 
| /* Override any gcc2 internal prototype to avoid an error.  */
| #ifdef __cplusplus
| extern "C"
| #endif
| /* We use char because int might match the return type of a gcc2
|    builtin and then its argument prototype would still apply.  */
| char dnet_ntoa ();
| int
| main ()
| {
| dnet_ntoa ();
|   ;
|   return 0;
| }
configure:17935: result: no
configure:17942: checking for dnet_ntoa in -ldnet_stub
configure:17973: gcc -o conftest -ansi -W -Wall -pedantic -Wchar-subscripts -Wshadow -Wpointer-arith -Wmissing-prototypes -Wwrite-strings -D_XOPEN_SOURCE=500 -D_BSD_SOURCE -O2   -Wformat-security -Wmissing-format-attribute   conftest.c -ldnet_stub   >&5
/usr/lib/gcc-lib/i586-suse-linux/3.3.1/../../../../i586-suse-linux/bin/ld: cannot find -ldnet_stub
collect2: ld returned 1 exit status
configure:17976: $? = 1
configure: failed program was:
| /* #line 17949 "configure" */
| /* confdefs.h.  */
| 
| #define PACKAGE_NAME ""
| #define PACKAGE_TARNAME ""
| #define PACKAGE_VERSION ""
| #define PACKAGE_STRING ""
| #define PACKAGE_BUGREPORT ""
| #define PACKAGE "kasablanca"
| #define VERSION "0.3"
| #ifdef __cplusplus
| #include <stdlib.h>
| #endif
| #define KDELIBSUFF ""
| #define STDC_HEADERS 1
| #define HAVE_SYS_TYPES_H 1
| #define HAVE_SYS_STAT_H 1
| #define HAVE_STDLIB_H 1
| #define HAVE_STRING_H 1
| #define HAVE_MEMORY_H 1
| #define HAVE_STRINGS_H 1
| #define HAVE_INTTYPES_H 1
| #define HAVE_STDINT_H 1
| #define HAVE_UNISTD_H 1
| #define HAVE_DLFCN_H 1
| #define HAVE_CRYPT 1
| #define ksize_t socklen_t
| /* end confdefs.h.  */
| 
| /* Override any gcc2 internal prototype to avoid an error.  */
| #ifdef __cplusplus
| extern "C"
| #endif
| /* We use char because int might match the return type of a gcc2
|    builtin and then its argument prototype would still apply.  */
| char dnet_ntoa ();
| int
| main ()
| {
| dnet_ntoa ();
|   ;
|   return 0;
| }
configure:17994: result: no
configure:18001: checking for inet_ntoa
configure:18051: gcc -o conftest -ansi -W -Wall -pedantic -Wchar-subscripts -Wshadow -Wpointer-arith -Wmissing-prototypes -Wwrite-strings -D_XOPEN_SOURCE=500 -D_BSD_SOURCE -O2   -Wformat-security -Wmissing-format-attribute   conftest.c  >&5
configure:18054: $? = 0
configure:18057: test -s conftest
configure:18060: $? = 0
configure:18071: result: yes
configure:18134: checking for connect
configure:18184: gcc -o conftest -ansi -W -Wall -pedantic -Wchar-subscripts -Wshadow -Wpointer-arith -Wmissing-prototypes -Wwrite-strings -D_XOPEN_SOURCE=500 -D_BSD_SOURCE -O2   -Wformat-security -Wmissing-format-attribute   conftest.c  >&5
configure:18187: $? = 0
configure:18190: test -s conftest
configure:18193: $? = 0
configure:18204: result: yes
configure:18268: checking for remove
configure:18318: gcc -o conftest -ansi -W -Wall -pedantic -Wchar-subscripts -Wshadow -Wpointer-arith -Wmissing-prototypes -Wwrite-strings -D_XOPEN_SOURCE=500 -D_BSD_SOURCE -O2   -Wformat-security -Wmissing-format-attribute   conftest.c  >&5
configure:18321: $? = 0
configure:18324: test -s conftest
configure:18327: $? = 0
configure:18338: result: yes
configure:18403: checking for shmat
configure:18453: gcc -o conftest -ansi -W -Wall -pedantic -Wchar-subscripts -Wshadow -Wpointer-arith -Wmissing-prototypes -Wwrite-strings -D_XOPEN_SOURCE=500 -D_BSD_SOURCE -O2   -Wformat-security -Wmissing-format-attribute   conftest.c  >&5
configure:18456: $? = 0
configure:18459: test -s conftest
configure:18462: $? = 0
configure:18473: result: yes
configure:18546: checking for sys/types.h
configure:18551: result: yes
configure:18546: checking for stdint.h
configure:18551: result: yes
configure:18685: checking for poll in -lpoll
configure:18716: gcc -o conftest -ansi -W -Wall -pedantic -Wchar-subscripts -Wshadow -Wpointer-arith -Wmissing-prototypes -Wwrite-strings -D_XOPEN_SOURCE=500 -D_BSD_SOURCE -O2   -Wformat-security -Wmissing-format-attribute   conftest.c -lpoll   >&5
/usr/lib/gcc-lib/i586-suse-linux/3.3.1/../../../../i586-suse-linux/bin/ld: cannot find -lpoll
collect2: ld returned 1 exit status
configure:18719: $? = 1
configure: failed program was:
| /* #line 18692 "configure" */
| /* confdefs.h.  */
| 
| #define PACKAGE_NAME ""
| #define PACKAGE_TARNAME ""
| #define PACKAGE_VERSION ""
| #define PACKAGE_STRING ""
| #define PACKAGE_BUGREPORT ""
| #define PACKAGE "kasablanca"
| #define VERSION "0.3"
| #ifdef __cplusplus
| #include <stdlib.h>
| #endif
| #define KDELIBSUFF ""
| #define STDC_HEADERS 1
| #define HAVE_SYS_TYPES_H 1
| #define HAVE_SYS_STAT_H 1
| #define HAVE_STDLIB_H 1
| #define HAVE_STRING_H 1
| #define HAVE_MEMORY_H 1
| #define HAVE_STRINGS_H 1
| #define HAVE_INTTYPES_H 1
| #define HAVE_STDINT_H 1
| #define HAVE_UNISTD_H 1
| #define HAVE_DLFCN_H 1
| #define HAVE_CRYPT 1
| #define ksize_t socklen_t
| #define HAVE_SYS_TYPES_H 1
| #define HAVE_STDINT_H 1
| /* end confdefs.h.  */
| 
| /* Override any gcc2 internal prototype to avoid an error.  */
| #ifdef __cplusplus
| extern "C"
| #endif
| /* We use char because int might match the return type of a gcc2
|    builtin and then its argument prototype would still apply.  */
| char poll ();
| int
| main ()
| {
| poll ();
|   ;
|   return 0;
| }
configure:18737: result: no
configure:18755: checking CoreAudio/CoreAudio.h usability
configure:18768: gcc -c -ansi -W -Wall -pedantic -Wchar-subscripts -Wshadow -Wpointer-arith -Wmissing-prototypes -Wwrite-strings -D_XOPEN_SOURCE=500 -D_BSD_SOURCE -O2   -Wformat-security -Wmissing-format-attribute  conftest.c >&5
conftest.c:65:33: CoreAudio/CoreAudio.h: No such file or directory
configure:18771: $? = 1
configure: failed program was:
| /* #line 18757 "configure" */
| /* confdefs.h.  */
| 
| #define PACKAGE_NAME ""
| #define PACKAGE_TARNAME ""
| #define PACKAGE_VERSION ""
| #define PACKAGE_STRING ""
| #define PACKAGE_BUGREPORT ""
| #define PACKAGE "kasablanca"
| #define VERSION "0.3"
| #ifdef __cplusplus
| #include <stdlib.h>
| #endif
| #define KDELIBSUFF ""
| #define STDC_HEADERS 1
| #define HAVE_SYS_TYPES_H 1
| #define HAVE_SYS_STAT_H 1
| #define HAVE_STDLIB_H 1
| #define HAVE_STRING_H 1
| #define HAVE_MEMORY_H 1
| #define HAVE_STRINGS_H 1
| #define HAVE_INTTYPES_H 1
| #define HAVE_STDINT_H 1
| #define HAVE_UNISTD_H 1
| #define HAVE_DLFCN_H 1
| #define HAVE_CRYPT 1
| #define ksize_t socklen_t
| #define HAVE_SYS_TYPES_H 1
| #define HAVE_STDINT_H 1
| /* end confdefs.h.  */
| #include <stdio.h>
| #if HAVE_SYS_TYPES_H
| # include <sys/types.h>
| #endif
| #if HAVE_SYS_STAT_H
| # include <sys/stat.h>
| #endif
| #if STDC_HEADERS
| # include <stdlib.h>
| # include <stddef.h>
| #else
| # if HAVE_STDLIB_H
| #  include <stdlib.h>
| # endif
| #endif
| #if HAVE_STRING_H
| # if !STDC_HEADERS && HAVE_MEMORY_H
| #  include <memory.h>
| # endif
| # include <string.h>
| #endif
| #if HAVE_STRINGS_H
| # include <strings.h>
| #endif
| #if HAVE_INTTYPES_H
| # include <inttypes.h>
| #else
| # if HAVE_STDINT_H
| #  include <stdint.h>
| # endif
| #endif
| #if HAVE_UNISTD_H
| # include <unistd.h>
| #endif
| #include <CoreAudio/CoreAudio.h>
configure:18787: result: no
configure:18791: checking CoreAudio/CoreAudio.h presence
configure:18802: gcc -E  conftest.c
conftest.c:31:33: CoreAudio/CoreAudio.h: No such file or directory
configure:18808: $? = 1
configure: failed program was:
| /* #line 18793 "configure" */
| /* confdefs.h.  */
| 
| #define PACKAGE_NAME ""
| #define PACKAGE_TARNAME ""
| #define PACKAGE_VERSION ""
| #define PACKAGE_STRING ""
| #define PACKAGE_BUGREPORT ""
| #define PACKAGE "kasablanca"
| #define VERSION "0.3"
| #ifdef __cplusplus
| #include <stdlib.h>
| #endif
| #define KDELIBSUFF ""
| #define STDC_HEADERS 1
| #define HAVE_SYS_TYPES_H 1
| #define HAVE_SYS_STAT_H 1
| #define HAVE_STDLIB_H 1
| #define HAVE_STRING_H 1
| #define HAVE_MEMORY_H 1
| #define HAVE_STRINGS_H 1
| #define HAVE_INTTYPES_H 1
| #define HAVE_STDINT_H 1
| #define HAVE_UNISTD_H 1
| #define HAVE_DLFCN_H 1
| #define HAVE_CRYPT 1
| #define ksize_t socklen_t
| #define HAVE_SYS_TYPES_H 1
| #define HAVE_STDINT_H 1
| /* end confdefs.h.  */
| #include <CoreAudio/CoreAudio.h>
configure:18827: result: no
configure:18863: checking for CoreAudio/CoreAudio.h
configure:18870: result: no
configure:18888: checking if res_init needs -lresolv
configure:18916: gcc -o conftest -ansi -W -Wall -pedantic -Wchar-subscripts -Wshadow -Wpointer-arith -Wmissing-prototypes -Wwrite-strings -D_XOPEN_SOURCE=500 -D_BSD_SOURCE -O2   -Wformat-security -Wmissing-format-attribute   conftest.c   -lresolv >&5
configure:18919: $? = 0
configure:18922: test -s conftest
configure:18925: $? = 0
configure:18929: result: yes
configure:18949: checking if res_init is available
configure:18975: gcc -c -ansi -W -Wall -pedantic -Wchar-subscripts -Wshadow -Wpointer-arith -Wmissing-prototypes -Wwrite-strings -D_XOPEN_SOURCE=500 -D_BSD_SOURCE -O2   -Wformat-security -Wmissing-format-attribute  conftest.c >&5
configure:18978: $? = 0
configure:18981: test -s conftest.o
configure:18984: $? = 0
configure:18987: result: yes
configure:19010: checking for killpg in -lucb
configure:19041: gcc -o conftest -ansi -W -Wall -pedantic -Wchar-subscripts -Wshadow -Wpointer-arith -Wmissing-prototypes -Wwrite-strings -D_XOPEN_SOURCE=500 -D_BSD_SOURCE -O2   -Wformat-security -Wmissing-format-attribute   conftest.c -lucb   >&5
/usr/lib/gcc-lib/i586-suse-linux/3.3.1/../../../../i586-suse-linux/bin/ld: cannot find -lucb
collect2: ld returned 1 exit status
configure:19044: $? = 1
configure: failed program was:
| /* #line 19017 "configure" */
| /* confdefs.h.  */
| 
| #define PACKAGE_NAME ""
| #define PACKAGE_TARNAME ""
| #define PACKAGE_VERSION ""
| #define PACKAGE_STRING ""
| #define PACKAGE_BUGREPORT ""
| #define PACKAGE "kasablanca"
| #define VERSION "0.3"
| #ifdef __cplusplus
| #include <stdlib.h>
| #endif
| #define KDELIBSUFF ""
| #define STDC_HEADERS 1
| #define HAVE_SYS_TYPES_H 1
| #define HAVE_SYS_STAT_H 1
| #define HAVE_STDLIB_H 1
| #define HAVE_STRING_H 1
| #define HAVE_MEMORY_H 1
| #define HAVE_STRINGS_H 1
| #define HAVE_INTTYPES_H 1
| #define HAVE_STDINT_H 1
| #define HAVE_UNISTD_H 1
| #define HAVE_DLFCN_H 1
| #define HAVE_CRYPT 1
| #define ksize_t socklen_t
| #define HAVE_SYS_TYPES_H 1
| #define HAVE_STDINT_H 1
| #define HAVE_RES_INIT 1
| #define HAVE_RES_INIT 1
| /* end confdefs.h.  */
| 
| /* Override any gcc2 internal prototype to avoid an error.  */
| #ifdef __cplusplus
| extern "C"
| #endif
| /* We use char because int might match the return type of a gcc2
|    builtin and then its argument prototype would still apply.  */
| char killpg ();
| int
| main ()
| {
| killpg ();
|   ;
|   return 0;
| }
configure:19062: result: no
configure:19135: checking for int
configure:19160: gcc -c -ansi -W -Wall -pedantic -Wchar-subscripts -Wshadow -Wpointer-arith -Wmissing-prototypes -Wwrite-strings -D_XOPEN_SOURCE=500 -D_BSD_SOURCE -O2   -Wformat-security -Wmissing-format-attribute  conftest.c >&5
configure:19163: $? = 0
configure:19166: test -s conftest.o
configure:19169: $? = 0
configure:19180: result: yes
configure:19183: checking size of int
configure:19458: gcc -o conftest -ansi -W -Wall -pedantic -Wchar-subscripts -Wshadow -Wpointer-arith -Wmissing-prototypes -Wwrite-strings -D_XOPEN_SOURCE=500 -D_BSD_SOURCE -O2   -Wformat-security -Wmissing-format-attribute   conftest.c  >&5
conftest.c:67: warning: no previous prototype for `longval'
conftest.c:68: warning: no previous prototype for `ulongval'
configure:19461: $? = 0
configure:19463: ./conftest
configure:19466: $? = 0
configure:19489: result: 4
configure:19495: checking for long
configure:19520: gcc -c -ansi -W -Wall -pedantic -Wchar-subscripts -Wshadow -Wpointer-arith -Wmissing-prototypes -Wwrite-strings -D_XOPEN_SOURCE=500 -D_BSD_SOURCE -O2   -Wformat-security -Wmissing-format-attribute  conftest.c >&5
configure:19523: $? = 0
configure:19526: test -s conftest.o
configure:19529: $? = 0
configure:19540: result: yes
configure:19543: checking size of long
configure:19818: gcc -o conftest -ansi -W -Wall -pedantic -Wchar-subscripts -Wshadow -Wpointer-arith -Wmissing-prototypes -Wwrite-strings -D_XOPEN_SOURCE=500 -D_BSD_SOURCE -O2   -Wformat-security -Wmissing-format-attribute   conftest.c  >&5
conftest.c:68: warning: no previous prototype for `longval'
conftest.c:69: warning: no previous prototype for `ulongval'
configure:19821: $? = 0
configure:19823: ./conftest
configure:19826: $? = 0
configure:19849: result: 4
configure:19855: checking for char *
configure:19880: gcc -c -ansi -W -Wall -pedantic -Wchar-subscripts -Wshadow -Wpointer-arith -Wmissing-prototypes -Wwrite-strings -D_XOPEN_SOURCE=500 -D_BSD_SOURCE -O2   -Wformat-security -Wmissing-format-attribute  conftest.c >&5
configure:19883: $? = 0
configure:19886: test -s conftest.o
configure:19889: $? = 0
configure:19900: result: yes
configure:19903: checking size of char *
configure:20178: gcc -o conftest -ansi -W -Wall -pedantic -Wchar-subscripts -Wshadow -Wpointer-arith -Wmissing-prototypes -Wwrite-strings -D_XOPEN_SOURCE=500 -D_BSD_SOURCE -O2   -Wformat-security -Wmissing-format-attribute   conftest.c  >&5
conftest.c:69: warning: no previous prototype for `longval'
conftest.c:70: warning: no previous prototype for `ulongval'
configure:20181: $? = 0
configure:20183: ./conftest
configure:20186: $? = 0
configure:20209: result: 4
configure:20217: checking for dlopen in -ldl
configure:20248: gcc -o conftest -ansi -W -Wall -pedantic -Wchar-subscripts -Wshadow -Wpointer-arith -Wmissing-prototypes -Wwrite-strings -D_XOPEN_SOURCE=500 -D_BSD_SOURCE -O2   -Wformat-security -Wmissing-format-attribute   conftest.c -ldl   >&5
configure:20251: $? = 0
configure:20254: test -s conftest
configure:20257: $? = 0
configure:20269: result: yes
configure:20279: checking for shl_unload in -ldld
configure:20310: gcc -o conftest -ansi -W -Wall -pedantic -Wchar-subscripts -Wshadow -Wpointer-arith -Wmissing-prototypes -Wwrite-strings -D_XOPEN_SOURCE=500 -D_BSD_SOURCE -O2   -Wformat-security -Wmissing-format-attribute   conftest.c -ldld   >&5
/usr/lib/gcc-lib/i586-suse-linux/3.3.1/../../../../i586-suse-linux/bin/ld: cannot find -ldld
collect2: ld returned 1 exit status
configure:20313: $? = 1
configure: failed program was:
| /* #line 20286 "configure" */
| /* confdefs.h.  */
| 
| #define PACKAGE_NAME ""
| #define PACKAGE_TARNAME ""
| #define PACKAGE_VERSION ""
| #define PACKAGE_STRING ""
| #define PACKAGE_BUGREPORT ""
| #define PACKAGE "kasablanca"
| #define VERSION "0.3"
| #ifdef __cplusplus
| #include <stdlib.h>
| #endif
| #define KDELIBSUFF ""
| #define STDC_HEADERS 1
| #define HAVE_SYS_TYPES_H 1
| #define HAVE_SYS_STAT_H 1
| #define HAVE_STDLIB_H 1
| #define HAVE_STRING_H 1
| #define HAVE_MEMORY_H 1
| #define HAVE_STRINGS_H 1
| #define HAVE_INTTYPES_H 1
| #define HAVE_STDINT_H 1
| #define HAVE_UNISTD_H 1
| #define HAVE_DLFCN_H 1
| #define HAVE_CRYPT 1
| #define ksize_t socklen_t
| #define HAVE_SYS_TYPES_H 1
| #define HAVE_STDINT_H 1
| #define HAVE_RES_INIT 1
| #define HAVE_RES_INIT 1
| #define SIZEOF_INT 4
| #define SIZEOF_LONG 4
| #define SIZEOF_CHAR_P 4
| /* end confdefs.h.  */
| 
| /* Override any gcc2 internal prototype to avoid an error.  */
| #ifdef __cplusplus
| extern "C"
| #endif
| /* We use char because int might match the return type of a gcc2
|    builtin and then its argument prototype would still apply.  */
| char shl_unload ();
| int
| main ()
| {
| shl_unload ();
|   ;
|   return 0;
| }
configure:20331: result: no
configure:20346: checking for size_t
configure:20371: gcc -c -ansi -W -Wall -pedantic -Wchar-subscripts -Wshadow -Wpointer-arith -Wmissing-prototypes -Wwrite-strings -D_XOPEN_SOURCE=500 -D_BSD_SOURCE -O2   -Wformat-security -Wmissing-format-attribute  conftest.c >&5
configure:20374: $? = 0
configure:20377: test -s conftest.o
configure:20380: $? = 0
configure:20391: result: yes
configure:20394: checking size of size_t
configure:20669: gcc -o conftest -ansi -W -Wall -pedantic -Wchar-subscripts -Wshadow -Wpointer-arith -Wmissing-prototypes -Wwrite-strings -D_XOPEN_SOURCE=500 -D_BSD_SOURCE -O2   -Wformat-security -Wmissing-format-attribute   conftest.c  >&5
conftest.c:70: warning: no previous prototype for `longval'
conftest.c:71: warning: no previous prototype for `ulongval'
configure:20672: $? = 0
configure:20674: ./conftest
configure:20677: $? = 0
configure:20700: result: 4
configure:20707: checking for unsigned long
configure:20732: gcc -c -ansi -W -Wall -pedantic -Wchar-subscripts -Wshadow -Wpointer-arith -Wmissing-prototypes -Wwrite-strings -D_XOPEN_SOURCE=500 -D_BSD_SOURCE -O2   -Wformat-security -Wmissing-format-attribute  conftest.c >&5
configure:20735: $? = 0
configure:20738: test -s conftest.o
configure:20741: $? = 0
configure:20752: result: yes
configure:20755: checking size of unsigned long
configure:21030: gcc -o conftest -ansi -W -Wall -pedantic -Wchar-subscripts -Wshadow -Wpointer-arith -Wmissing-prototypes -Wwrite-strings -D_XOPEN_SOURCE=500 -D_BSD_SOURCE -O2   -Wformat-security -Wmissing-format-attribute   conftest.c  >&5
conftest.c:71: warning: no previous prototype for `longval'
conftest.c:72: warning: no previous prototype for `ulongval'
configure:21033: $? = 0
configure:21035: ./conftest
configure:21038: $? = 0
configure:21061: result: 4
configure:21069: checking sizeof size_t == sizeof unsigned long
configure:21092: gcc -c -ansi -W -Wall -pedantic -Wchar-subscripts -Wshadow -Wpointer-arith -Wmissing-prototypes -Wwrite-strings -D_XOPEN_SOURCE=500 -D_BSD_SOURCE -O2   -Wformat-security -Wmissing-format-attribute  conftest.c >&5
configure:21095: $? = 0
configure:21098: test -s conftest.o
configure:21101: $? = 0
configure:21103: result: yes
configure:21141: checking crt_externs.h usability
configure:21154: gcc -c -ansi -W -Wall -pedantic -Wchar-subscripts -Wshadow -Wpointer-arith -Wmissing-prototypes -Wwrite-strings -D_XOPEN_SOURCE=500 -D_BSD_SOURCE -O2   -Wformat-security -Wmissing-format-attribute  conftest.c >&5
conftest.c:72:25: crt_externs.h: No such file or directory
configure:21157: $? = 1
configure: failed program was:
| /* #line 21143 "configure" */
| /* confdefs.h.  */
| 
| #define PACKAGE_NAME ""
| #define PACKAGE_TARNAME ""
| #define PACKAGE_VERSION ""
| #define PACKAGE_STRING ""
| #define PACKAGE_BUGREPORT ""
| #define PACKAGE "kasablanca"
| #define VERSION "0.3"
| #ifdef __cplusplus
| #include <stdlib.h>
| #endif
| #define KDELIBSUFF ""
| #define STDC_HEADERS 1
| #define HAVE_SYS_TYPES_H 1
| #define HAVE_SYS_STAT_H 1
| #define HAVE_STDLIB_H 1
| #define HAVE_STRING_H 1
| #define HAVE_MEMORY_H 1
| #define HAVE_STRINGS_H 1
| #define HAVE_INTTYPES_H 1
| #define HAVE_STDINT_H 1
| #define HAVE_UNISTD_H 1
| #define HAVE_DLFCN_H 1
| #define HAVE_CRYPT 1
| #define ksize_t socklen_t
| #define HAVE_SYS_TYPES_H 1
| #define HAVE_STDINT_H 1
| #define HAVE_RES_INIT 1
| #define HAVE_RES_INIT 1
| #define SIZEOF_INT 4
| #define SIZEOF_LONG 4
| #define SIZEOF_CHAR_P 4
| #define SIZEOF_SIZE_T 4
| #define SIZEOF_UNSIGNED_LONG 4
| /* end confdefs.h.  */
| #include <stdio.h>
| #if HAVE_SYS_TYPES_H
| # include <sys/types.h>
| #endif
| #if HAVE_SYS_STAT_H
| # include <sys/stat.h>
| #endif
| #if STDC_HEADERS
| # include <stdlib.h>
| # include <stddef.h>
| #else
| # if HAVE_STDLIB_H
| #  include <stdlib.h>
| # endif
| #endif
| #if HAVE_STRING_H
| # if !STDC_HEADERS && HAVE_MEMORY_H
| #  include <memory.h>
| # endif
| # include <string.h>
| #endif
| #if HAVE_STRINGS_H
| # include <strings.h>
| #endif
| #if HAVE_INTTYPES_H
| # include <inttypes.h>
| #else
| # if HAVE_STDINT_H
| #  include <stdint.h>
| # endif
| #endif
| #if HAVE_UNISTD_H
| # include <unistd.h>
| #endif
| #include <crt_externs.h>
configure:21173: result: no
configure:21177: checking crt_externs.h presence
configure:21188: gcc -E  conftest.c
conftest.c:38:25: crt_externs.h: No such file or directory
configure:21194: $? = 1
configure: failed program was:
| /* #line 21179 "configure" */
| /* confdefs.h.  */
| 
| #define PACKAGE_NAME ""
| #define PACKAGE_TARNAME ""
| #define PACKAGE_VERSION ""
| #define PACKAGE_STRING ""
| #define PACKAGE_BUGREPORT ""
| #define PACKAGE "kasablanca"
| #define VERSION "0.3"
| #ifdef __cplusplus
| #include <stdlib.h>
| #endif
| #define KDELIBSUFF ""
| #define STDC_HEADERS 1
| #define HAVE_SYS_TYPES_H 1
| #define HAVE_SYS_STAT_H 1
| #define HAVE_STDLIB_H 1
| #define HAVE_STRING_H 1
| #define HAVE_MEMORY_H 1
| #define HAVE_STRINGS_H 1
| #define HAVE_INTTYPES_H 1
| #define HAVE_STDINT_H 1
| #define HAVE_UNISTD_H 1
| #define HAVE_DLFCN_H 1
| #define HAVE_CRYPT 1
| #define ksize_t socklen_t
| #define HAVE_SYS_TYPES_H 1
| #define HAVE_STDINT_H 1
| #define HAVE_RES_INIT 1
| #define HAVE_RES_INIT 1
| #define SIZEOF_INT 4
| #define SIZEOF_LONG 4
| #define SIZEOF_CHAR_P 4
| #define SIZEOF_SIZE_T 4
| #define SIZEOF_UNSIGNED_LONG 4
| /* end confdefs.h.  */
| #include <crt_externs.h>
configure:21213: result: no
configure:21249: checking for crt_externs.h
configure:21256: result: no
configure:21269: checking for _NSGetEnviron
configure:21319: gcc -o conftest -ansi -W -Wall -pedantic -Wchar-subscripts -Wshadow -Wpointer-arith -Wmissing-prototypes -Wwrite-strings -D_XOPEN_SOURCE=500 -D_BSD_SOURCE -O2   -Wformat-security -Wmissing-format-attribute   conftest.c  >&5
/tmp/ccWXX6l8.o(.text+0xe): In function `main':
: undefined reference to `_NSGetEnviron'
/tmp/ccWXX6l8.o(.data+0x0): undefined reference to `_NSGetEnviron'
collect2: ld returned 1 exit status
configure:21322: $? = 1
configure: failed program was:
| /* #line 21274 "configure" */
| /* confdefs.h.  */
| 
| #define PACKAGE_NAME ""
| #define PACKAGE_TARNAME ""
| #define PACKAGE_VERSION ""
| #define PACKAGE_STRING ""
| #define PACKAGE_BUGREPORT ""
| #define PACKAGE "kasablanca"
| #define VERSION "0.3"
| #ifdef __cplusplus
| #include <stdlib.h>
| #endif
| #define KDELIBSUFF ""
| #define STDC_HEADERS 1
| #define HAVE_SYS_TYPES_H 1
| #define HAVE_SYS_STAT_H 1
| #define HAVE_STDLIB_H 1
| #define HAVE_STRING_H 1
| #define HAVE_MEMORY_H 1
| #define HAVE_STRINGS_H 1
| #define HAVE_INTTYPES_H 1
| #define HAVE_STDINT_H 1
| #define HAVE_UNISTD_H 1
| #define HAVE_DLFCN_H 1
| #define HAVE_CRYPT 1
| #define ksize_t socklen_t
| #define HAVE_SYS_TYPES_H 1
| #define HAVE_STDINT_H 1
| #define HAVE_RES_INIT 1
| #define HAVE_RES_INIT 1
| #define SIZEOF_INT 4
| #define SIZEOF_LONG 4
| #define SIZEOF_CHAR_P 4
| #define SIZEOF_SIZE_T 4
| #define SIZEOF_UNSIGNED_LONG 4
| /* end confdefs.h.  */
| /* System header to define __stub macros and hopefully few prototypes,
|     which can conflict with char _NSGetEnviron (); below.
|     Prefer <limits.h> to <assert.h> if __STDC__ is defined, since
|     <limits.h> exists even on freestanding compilers.  */
| #ifdef __STDC__
| # include <limits.h>
| #else
| # include <assert.h>
| #endif
| /* Override any gcc2 internal prototype to avoid an error.  */
| #ifdef __cplusplus
| extern "C"
| {
| #endif
| /* We use char because int might match the return type of a gcc2
|    builtin and then its argument prototype would still apply.  */
| char _NSGetEnviron ();
| /* The GNU C library defines this for functions which it implements
|     to always fail with ENOSYS.  Some functions are actually named
|     something starting with __ and the normal name is an alias.  */
| #if defined (__stub__NSGetEnviron) || defined (__stub____NSGetEnviron)
| choke me
| #else
| char (*f) () = _NSGetEnviron;
| #endif
| #ifdef __cplusplus
| }
| #endif
| 
| int
| main ()
| {
| return f != _NSGetEnviron;
|   ;
|   return 0;
| }
configure:21339: result: no
configure:21361: checking for vsnprintf
configure:21411: gcc -o conftest -ansi -W -Wall -pedantic -Wchar-subscripts -Wshadow -Wpointer-arith -Wmissing-prototypes -Wwrite-strings -D_XOPEN_SOURCE=500 -D_BSD_SOURCE -O2   -Wformat-security -Wmissing-format-attribute   conftest.c  >&5
configure:21414: $? = 0
configure:21417: test -s conftest
configure:21420: $? = 0
configure:21431: result: yes
configure:21361: checking for snprintf
configure:21411: gcc -o conftest -ansi -W -Wall -pedantic -Wchar-subscripts -Wshadow -Wpointer-arith -Wmissing-prototypes -Wwrite-strings -D_XOPEN_SOURCE=500 -D_BSD_SOURCE -O2   -Wformat-security -Wmissing-format-attribute   conftest.c  >&5
configure:21414: $? = 0
configure:21417: test -s conftest
configure:21420: $? = 0
configure:21431: result: yes
configure:21478: checking for X
configure:21524: gcc -E  conftest.c
configure:21530: $? = 0
configure:21621: gcc -o conftest -ansi -W -Wall -pedantic -Wchar-subscripts -Wshadow -Wpointer-arith -Wmissing-prototypes -Wwrite-strings -D_XOPEN_SOURCE=500 -D_BSD_SOURCE -O2   -Wformat-security -Wmissing-format-attribute   conftest.c -lXt  >&5
conftest.c: In function `main':
conftest.c:44: warning: implicit declaration of function `XtMalloc'
/usr/lib/gcc-lib/i586-suse-linux/3.3.1/../../../../i586-suse-linux/bin/ld: cannot find -lXt
collect2: ld returned 1 exit status
configure:21624: $? = 1
configure: failed program was:
| /* #line 21604 "configure" */
| /* confdefs.h.  */
| 
| #define PACKAGE_NAME ""
| #define PACKAGE_TARNAME ""
| #define PACKAGE_VERSION ""
| #define PACKAGE_STRING ""
| #define PACKAGE_BUGREPORT ""
| #define PACKAGE "kasablanca"
| #define VERSION "0.3"
| #ifdef __cplusplus
| #include <stdlib.h>
| #endif
| #define KDELIBSUFF ""
| #define STDC_HEADERS 1
| #define HAVE_SYS_TYPES_H 1
| #define HAVE_SYS_STAT_H 1
| #define HAVE_STDLIB_H 1
| #define HAVE_STRING_H 1
| #define HAVE_MEMORY_H 1
| #define HAVE_STRINGS_H 1
| #define HAVE_INTTYPES_H 1
| #define HAVE_STDINT_H 1
| #define HAVE_UNISTD_H 1
| #define HAVE_DLFCN_H 1
| #define HAVE_CRYPT 1
| #define ksize_t socklen_t
| #define HAVE_SYS_TYPES_H 1
| #define HAVE_STDINT_H 1
| #define HAVE_RES_INIT 1
| #define HAVE_RES_INIT 1
| #define SIZEOF_INT 4
| #define SIZEOF_LONG 4
| #define SIZEOF_CHAR_P 4
| #define SIZEOF_SIZE_T 4
| #define SIZEOF_UNSIGNED_LONG 4
| #define HAVE_VSNPRINTF 1
| #define HAVE_SNPRINTF 1
| /* end confdefs.h.  */
| 
| int
| main ()
| {
| XtMalloc()
|   ;
|   return 0;
| }
configure:21775: result: libraries /usr/X11R6/lib, headers /usr/X11R6/include
configure:21804: checking for IceConnectionNumber in -lICE
configure:21835: gcc -o conftest -ansi -W -Wall -pedantic -Wchar-subscripts -Wshadow -Wpointer-arith -Wmissing-prototypes -Wwrite-strings -D_XOPEN_SOURCE=500 -D_BSD_SOURCE -O2   -Wformat-security -Wmissing-format-attribute   -L/usr/X11R6/lib conftest.c -lICE   >&5
configure:21838: $? = 0
configure:21841: test -s conftest
configure:21844: $? = 0
configure:21856: result: yes
configure:21866: checking for libXext
configure:21902: gcc -o conftest -ansi -W -Wall -pedantic -Wchar-subscripts -Wshadow -Wpointer-arith -Wmissing-prototypes -Wwrite-strings -D_XOPEN_SOURCE=500 -D_BSD_SOURCE -O2   -Wformat-security -Wmissing-format-attribute   -L/usr/X11R6/lib  conftest.c -lXext -lX11  >&5
configure:21905: $? = 0
configure:21908: test -s conftest
configure:21911: $? = 0
configure:21929: result: yes
configure:21991: checking for pthread_create in -lpthread
configure:22022: gcc -o conftest -ansi -W -Wall -pedantic -Wchar-subscripts -Wshadow -Wpointer-arith -Wmissing-prototypes -Wwrite-strings -D_XOPEN_SOURCE=500 -D_BSD_SOURCE -O2   -Wformat-security -Wmissing-format-attribute   conftest.c -lpthread   >&5
configure:22025: $? = 0
configure:22028: test -s conftest
configure:22031: $? = 0
configure:22043: result: yes
configure:22463: checking for extra includes
configure:22491: result: no
configure:22495: checking for extra libs
configure:22524: result: no
configure:22530: checking for libz
configure:22572: gcc -o conftest -ansi -W -Wall -pedantic -Wchar-subscripts -Wshadow -Wpointer-arith -Wmissing-prototypes -Wwrite-strings -D_XOPEN_SOURCE=500 -D_BSD_SOURCE -O2   -Wformat-security -Wmissing-format-attribute -I/usr/X11R6/include   -D_REENTRANT  conftest.c -L/usr/X11R6/lib  -lz  >&5
configure:22575: $? = 0
configure:22578: test -s conftest
configure:22581: $? = 0
configure:22602: result: -lz
configure:22623: checking for libpng
configure:22666: gcc -o conftest -ansi -W -Wall -pedantic -Wchar-subscripts -Wshadow -Wpointer-arith -Wmissing-prototypes -Wwrite-strings -D_XOPEN_SOURCE=500 -D_BSD_SOURCE -O2   -Wformat-security -Wmissing-format-attribute -I/usr/X11R6/include   -D_REENTRANT  conftest.c  -L/usr/X11R6/lib  -lpng -lz -lm -lX11  >&5
configure:22669: $? = 0
configure:22672: test -s conftest
configure:22675: $? = 0
configure:22698: result: -lpng -lz -lm
configure:22709: checking for libjpeg6b
configure:22756: gcc -o conftest -ansi -W -Wall -pedantic -Wchar-subscripts -Wshadow -Wpointer-arith -Wmissing-prototypes -Wwrite-strings -D_XOPEN_SOURCE=500 -D_BSD_SOURCE -O2   -Wformat-security -Wmissing-format-attribute -I/usr/X11R6/include   -D_REENTRANT  conftest.c -L/usr/X11R6/lib  -ljpeg6b -lm >&5
/usr/lib/gcc-lib/i586-suse-linux/3.3.1/../../../../i586-suse-linux/bin/ld: cannot find -ljpeg6b
collect2: ld returned 1 exit status
configure:22759: $? = 1
configure: failed program was:
| /* #line 22725 "configure" */
| /* confdefs.h.  */
| 
| #define PACKAGE_NAME ""
| #define PACKAGE_TARNAME ""
| #define PACKAGE_VERSION ""
| #define PACKAGE_STRING ""
| #define PACKAGE_BUGREPORT ""
| #define PACKAGE "kasablanca"
| #define VERSION "0.3"
| #ifdef __cplusplus
| #include <stdlib.h>
| #endif
| #define KDELIBSUFF ""
| #define STDC_HEADERS 1
| #define HAVE_SYS_TYPES_H 1
| #define HAVE_SYS_STAT_H 1
| #define HAVE_STDLIB_H 1
| #define HAVE_STRING_H 1
| #define HAVE_MEMORY_H 1
| #define HAVE_STRINGS_H 1
| #define HAVE_INTTYPES_H 1
| #define HAVE_STDINT_H 1
| #define HAVE_UNISTD_H 1
| #define HAVE_DLFCN_H 1
| #define HAVE_CRYPT 1
| #define ksize_t socklen_t
| #define HAVE_SYS_TYPES_H 1
| #define HAVE_STDINT_H 1
| #define HAVE_RES_INIT 1
| #define HAVE_RES_INIT 1
| #define SIZEOF_INT 4
| #define SIZEOF_LONG 4
| #define SIZEOF_CHAR_P 4
| #define SIZEOF_SIZE_T 4
| #define SIZEOF_UNSIGNED_LONG 4
| #define HAVE_VSNPRINTF 1
| #define HAVE_SNPRINTF 1
| #define HAVE_LIBZ 1
| #define HAVE_LIBPNG 1
| /* end confdefs.h.  */
| /* Override any gcc2 internal prototype to avoid an error.  */
| struct jpeg_decompress_struct;
| typedef struct jpeg_decompress_struct * j_decompress_ptr;
| typedef int size_t;
| #ifdef __cplusplus
| extern "C" {
| #endif
|     void jpeg_CreateDecompress(j_decompress_ptr cinfo,
|                                     int version, size_t structsize);
| #ifdef __cplusplus
| }
| #endif
| /* We use char because int might match the return type of a gcc2
|     builtin and then its argument prototype would still apply.  */
| 
| int
| main ()
| {
| jpeg_CreateDecompress(0L, 0, 0);
|   ;
|   return 0;
| }
configure:22786: result: no
configure:22789: checking for libjpeg
configure:22836: gcc -o conftest -ansi -W -Wall -pedantic -Wchar-subscripts -Wshadow -Wpointer-arith -Wmissing-prototypes -Wwrite-strings -D_XOPEN_SOURCE=500 -D_BSD_SOURCE -O2   -Wformat-security -Wmissing-format-attribute -I/usr/X11R6/include   -D_REENTRANT  conftest.c -L/usr/X11R6/lib  -ljpeg -lm >&5
configure:22839: $? = 0
configure:22842: test -s conftest
configure:22845: $? = 0
configure:22863: result: -ljpeg
configure: 22890: ${prefix}/include/jpeglib.h
configure: 22890: /usr/include/jpeglib.h
taking that
configure:23060: checking for Qt
configure: 23128: /usr/lib/qt3/include/qstyle.h
taking that
tried NO
configure:23243: rm -rf SunWS_cache; g++ -o conftest -Wnon-virtual-dtor -Wno-long-long -Wundef -Wall -pedantic -W -Wpointer-arith -Wwrite-strings -ansi -D_XOPEN_SOURCE=500 -D_BSD_SOURCE -Wcast-align -Wconversion -Wchar-subscripts -O2 -Wformat-security -Wmissing-format-attribute -fno-exceptions -fno-check-new -fno-common -I/usr/lib/qt3/include -I/usr/X11R6/include  -DQT_THREAD_SUPPORT  -D_REENTRANT  -L/usr/lib/qt3/lib -L/usr/X11R6/lib   conftest.cc  -lqt-mt -lpng -lz -lm -ljpeg -ldl  -lXext -lX11 -lSM -lICE  -lpthread 1>&5
configure:23246: $? = 0
configure:23305: result: libraries /usr/lib/qt3/lib, headers /usr/lib/qt3/include using -mt
configure:23315: checking if Qt compiles without flags
configure:23412: rm -rf SunWS_cache; g++ -o conftest -Wnon-virtual-dtor -Wno-long-long -Wundef -Wall -pedantic -W -Wpointer-arith -Wwrite-strings -ansi -D_XOPEN_SOURCE=500 -D_BSD_SOURCE -Wcast-align -Wconversion -Wchar-subscripts -O2 -Wformat-security -Wmissing-format-attribute -fno-exceptions -fno-check-new -fno-common -I/usr/lib/qt3/include  -DQT_THREAD_SUPPORT  -D_REENTRANT  -L/usr/X11R6/lib conftest.cc -lqt-mt -lpng -lz -lm -ljpeg -ldl  -lXext -lX11 -lSM -lICE  -lXext -lX11  1>&5
/usr/lib/gcc-lib/i586-suse-linux/3.3.1/../../../../i586-suse-linux/bin/ld: cannot find -lqt-mt
collect2: ld returned 1 exit status
configure:23415: $? = 1
configure: failed program was:
#include "confdefs.h"
#include <qglobal.h>
#include <qapplication.h>
#include <qcursor.h>
#include <qstylefactory.h>
#include <private/qucomextra_p.h>
#if ! (QT_VERSION >= 300)
#error 1
#endif

int main() {
    (void)QStyleFactory::create(QString::null);
    QCursor c(Qt::WhatsThisCursor);
    return 0;
}
configure:23448: result: no
configure:23486: checking for moc
configure:23555: result: /usr/lib/qt3/bin/moc
configure:23563: checking for uic
configure:23614: result: /usr/lib/qt3/bin/uic
configure:23642: checking whether uic supports -L 
configure:23653: /usr/lib/qt3/bin/uic -L /nonexistant conftest.ui >/dev/null
configure:23656: $? = 0
configure:23668: result: yes
configure:23680: checking whether uic supports -nounload 
configure:23691: /usr/lib/qt3/bin/uic -nounload  conftest.ui >/dev/null
configure:23694: $? = 0
configure:23706: result: yes
configure:23743: checking if Qt needs -ljpeg
configure:23785: rm -rf SunWS_cache; g++ -o conftest -Wnon-virtual-dtor -Wno-long-long -Wundef -Wall -pedantic -W -Wpointer-arith -Wwrite-strings -ansi -D_XOPEN_SOURCE=500 -D_BSD_SOURCE -Wcast-align -Wconversion -Wchar-subscripts -O2 -Wformat-security -Wmissing-format-attribute -fno-exceptions -fno-check-new -fno-common -I/usr/lib/qt3/include -I/usr/X11R6/include   -DQT_THREAD_SUPPORT  -D_REENTRANT  conftest.cc -L/usr/X11R6/lib -L/usr/lib/qt3/lib -lqt-mt -lpng -lz -lm  -ldl -lXext -lX11 -lSM -lICE 1>&5
conftest.cc: In function `int main()':
conftest.cc:50: warning: `char**argv' might be used uninitialized in this 
   function
configure:23788: $? = 0
configure:23791: test -s conftest
configure:23794: $? = 0
configure:23822: result: no
configure:23854: checking for rpath
configure:23882: result: yes
configure:23885: checking for KDE
configure: 23936: /opt/kde3/include/ksharedptr.h
taking that
configure: 23966: /opt/kde3/lib/libkio.la
taking that
configure: 23984: /opt/kde3/lib/kde3/plugins/designer/kdewidgets.la
taking that
configure:24054: result: libraries /opt/kde3/lib, headers /opt/kde3/include
configure:24093: checking if UIC has KDE plugins available
configure:24120: /usr/lib/qt3/bin/uic -L /opt/kde3/lib/kde3/plugins/designer -nounload -impl actest.h actest.ui > actest.cpp
configure:24123: $? = 0
configure:24134: result: yes
configure:24173: checking for KDE paths
configure:24760: result: defaults
configure:24799: checking for dcopidl
configure:24858: result: /opt/kde3/bin/dcopidl
configure:24865: checking for dcopidl2cpp
configure:24924: result: /opt/kde3/bin/dcopidl2cpp
configure:24932: checking for mcopidl
configure:24991: result: /opt/kde3/bin/mcopidl
configure:24998: checking for artsc-config
configure:25057: result: /opt/kde3/bin/artsc-config
configure:25065: checking for kde-config
configure:25116: result: /opt/kde3/bin/kde-config
configure:25123: checking for meinproc
configure:25174: result: /opt/kde3/bin/meinproc
configure: 25193: /usr/share/kde/apps/ksgmltools2/customization/kde-chunk.xsl
configure: 25193: /usr/local/share/apps/ksgmltools2/customization/kde-chunk.xsl
configure: 25193: /usr/share/apps/ksgmltools2/customization/kde-chunk.xsl
configure: 25193: /opt/kde3/share/apps/ksgmltools2/customization/kde-chunk.xsl
taking that
configure:25340: checking whether byte ordering is bigendian
configure:25368: gcc -c -ansi -W -Wall -pedantic -Wchar-subscripts -Wshadow -Wpointer-arith -Wmissing-prototypes -Wwrite-strings -D_XOPEN_SOURCE=500 -D_BSD_SOURCE -O2   -Wformat-security -Wmissing-format-attribute  -DQT_THREAD_SUPPORT  -D_REENTRANT conftest.c >&5
configure:25371: $? = 0
configure:25374: test -s conftest.o
configure:25377: $? = 0
configure:25402: gcc -c -ansi -W -Wall -pedantic -Wchar-subscripts -Wshadow -Wpointer-arith -Wmissing-prototypes -Wwrite-strings -D_XOPEN_SOURCE=500 -D_BSD_SOURCE -O2   -Wformat-security -Wmissing-format-attribute  -DQT_THREAD_SUPPORT  -D_REENTRANT conftest.c >&5
conftest.c: In function `main':
conftest.c:51: error: `not' undeclared (first use in this function)
conftest.c:51: error: (Each undeclared identifier is reported only once
conftest.c:51: error: for each function it appears in.)
conftest.c:51: error: parse error before "big"
configure:25405: $? = 1
configure: failed program was:
| /* #line 25380 "configure" */
| /* confdefs.h.  */
| 
| #define PACKAGE_NAME ""
| #define PACKAGE_TARNAME ""
| #define PACKAGE_VERSION ""
| #define PACKAGE_STRING ""
| #define PACKAGE_BUGREPORT ""
| #define PACKAGE "kasablanca"
| #define VERSION "0.3"
| #ifdef __cplusplus
| #include <stdlib.h>
| #endif
| #define KDELIBSUFF ""
| #define STDC_HEADERS 1
| #define HAVE_SYS_TYPES_H 1
| #define HAVE_SYS_STAT_H 1
| #define HAVE_STDLIB_H 1
| #define HAVE_STRING_H 1
| #define HAVE_MEMORY_H 1
| #define HAVE_STRINGS_H 1
| #define HAVE_INTTYPES_H 1
| #define HAVE_STDINT_H 1
| #define HAVE_UNISTD_H 1
| #define HAVE_DLFCN_H 1
| #define HAVE_CRYPT 1
| #define ksize_t socklen_t
| #define HAVE_SYS_TYPES_H 1
| #define HAVE_STDINT_H 1
| #define HAVE_RES_INIT 1
| #define HAVE_RES_INIT 1
| #define SIZEOF_INT 4
| #define SIZEOF_LONG 4
| #define SIZEOF_CHAR_P 4
| #define SIZEOF_SIZE_T 4
| #define SIZEOF_UNSIGNED_LONG 4
| #define HAVE_VSNPRINTF 1
| #define HAVE_SNPRINTF 1
| #define HAVE_LIBZ 1
| #define HAVE_LIBPNG 1
| #define HAVE_LIBJPEG 1
| #define HAVE_LIBPTHREAD 1
| /* end confdefs.h.  */
| #include <sys/types.h>
| #include <sys/param.h>
| 
| int
| main ()
| {
| #if BYTE_ORDER != BIG_ENDIAN
|  not big endian
| #endif
| 
|   ;
|   return 0;
| }
configure:25525: result: no
configure:25545: checking for MAXPATHLEN
configure:25573: gcc -E  -DQT_THREAD_SUPPORT  -D_REENTRANT conftest.c 2>/dev/null | grep '^KDE_HELLO' >conftest.out
configure:25576: $? = 0
configure:25588: result: 4096
configure:25617: checking if doc should be compiled
configure:25629: result: yes
configure:25617: checking if po should be compiled
configure:25629: result: yes
configure:25617: checking if src should be compiled
configure:25629: result: yes
configure:25777: creating ./config.status

## ---------------------- ##
## Running config.status. ##
## ---------------------- ##

This file was extended by config.status, which was
generated by GNU Autoconf 2.57.  Invocation command line was

  CONFIG_FILES    = 
  CONFIG_HEADERS  = 
  CONFIG_LINKS    = 
  CONFIG_COMMANDS = 
  $ ./config.status 

on magnusmachine

config.status:709: creating config.h
config.status:974: executing depfiles commands

## ---------------- ##
## Cache variables. ##
## ---------------- ##

ac_cv_build=i686-pc-linux-gnu
ac_cv_build_alias=i686-pc-linux-gnu
ac_cv_c_bigendian=no
ac_cv_c_compiler_gnu=yes
ac_cv_cxx_compiler_gnu=yes
ac_cv_env_CC_set=
ac_cv_env_CC_value=
ac_cv_env_CFLAGS_set=
ac_cv_env_CFLAGS_value=
ac_cv_env_CPPFLAGS_set=
ac_cv_env_CPPFLAGS_value=
ac_cv_env_CPP_set=
ac_cv_env_CPP_value=
ac_cv_env_CXXCPP_set=
ac_cv_env_CXXCPP_value=
ac_cv_env_CXXFLAGS_set=
ac_cv_env_CXXFLAGS_value=
ac_cv_env_CXX_set=
ac_cv_env_CXX_value=
ac_cv_env_LDFLAGS_set=
ac_cv_env_LDFLAGS_value=
ac_cv_env_build_alias_set=
ac_cv_env_build_alias_value=
ac_cv_env_host_alias_set=
ac_cv_env_host_alias_value=
ac_cv_env_target_alias_set=
ac_cv_env_target_alias_value=
ac_cv_exeext=
ac_cv_func__NSGetEnviron=no
ac_cv_func_connect=yes
ac_cv_func_inet_ntoa=yes
ac_cv_func_remove=yes
ac_cv_func_shmat=yes
ac_cv_func_snprintf=yes
ac_cv_func_vsnprintf=yes
ac_cv_have_dlfcn=yes
ac_cv_have_kde='have_kde=yes     ac_kde_includes=/opt/kde3/include ac_kde_libraries=/opt/kde3/lib'
ac_cv_have_qt='have_qt=yes     ac_qt_includes=/usr/lib/qt3/include ac_qt_libraries=/usr/lib/qt3/lib'
ac_cv_header_CoreAudio_CoreAudio_h=no
ac_cv_header_crt_externs_h=no
ac_cv_header_dlfcn_h=yes
ac_cv_header_inttypes_h=yes
ac_cv_header_memory_h=yes
ac_cv_header_stdc=yes
ac_cv_header_stdint_h=yes
ac_cv_header_stdlib_h=yes
ac_cv_header_string_h=yes
ac_cv_header_strings_h=yes
ac_cv_header_sys_stat_h=yes
ac_cv_header_sys_types_h=yes
ac_cv_header_unistd_h=yes
ac_cv_host=i686-pc-linux-gnu
ac_cv_host_alias=i686-pc-linux-gnu
ac_cv_lib_ICE_IceConnectionNumber=yes
ac_cv_lib_compat_main=no
ac_cv_lib_crypt_crypt=yes
ac_cv_lib_dl_dlopen=yes
ac_cv_lib_dld_shl_unload=no
ac_cv_lib_dnet_dnet_ntoa=no
ac_cv_lib_dnet_stub_dnet_ntoa=no
ac_cv_lib_jpeg_6b=no
ac_cv_lib_jpeg_normal=-ljpeg
ac_cv_lib_png='-lpng -lz -lm'
ac_cv_lib_poll_poll=no
ac_cv_lib_pthread_pthread_create=yes
ac_cv_lib_ucb_killpg=no
ac_cv_lib_util_main=yes
ac_cv_lib_z=-lz
ac_cv_maxpathlen=4096
ac_cv_objext=o
ac_cv_path_GMSGFMT=/usr/bin/msgfmt
ac_cv_path_MSGFMT=/usr/bin/msgfmt
ac_cv_path_XGETTEXT=/usr/bin/xgettext
ac_cv_path_install='/usr/bin/install -c'
ac_cv_prog_AWK=gawk
ac_cv_prog_CPP='gcc -E'
ac_cv_prog_CXXCPP='g++ -E'
ac_cv_prog_ac_ct_CC=gcc
ac_cv_prog_ac_ct_CXX=g++
ac_cv_prog_ac_ct_RANLIB=ranlib
ac_cv_prog_ac_ct_STRIP=strip
ac_cv_prog_cc_g=yes
ac_cv_prog_cc_stdc=
ac_cv_prog_cxx_g=yes
ac_cv_prog_egrep='grep -E'
ac_cv_prog_make_make_set=yes
ac_cv_sizeof_char_p=4
ac_cv_sizeof_int=4
ac_cv_sizeof_long=4
ac_cv_sizeof_size_t=4
ac_cv_sizeof_unsigned_long=4
ac_cv_socklen_t=socklen_t
ac_cv_target=i686-pc-linux-gnu
ac_cv_target_alias=i686-pc-linux-gnu
ac_cv_type_char_p=yes
ac_cv_type_int=yes
ac_cv_type_long=yes
ac_cv_type_size_t=yes
ac_cv_type_unsigned_long=yes
am_cv_CC_dependencies_compiler_type=gcc3
am_cv_CXX_dependencies_compiler_type=gcc3
kde_cv_all_paths='kde_have_all_paths="yes" 	kde_htmldir="\${prefix}/share/doc/HTML" 	kde_appsdir="\${prefix}/share/applnk" 	kde_icondir="\${prefix}/share/icons" 	kde_sounddir="\${prefix}/share/sounds" 	kde_datadir="\${prefix}/share/apps" 	kde_locale="\${prefix}/share/locale" 	kde_cgidir="\${exec_prefix}/cgi-bin" 	kde_confdir="\${prefix}/share/config" 	kde_mimedir="\${prefix}/share/mimelnk" 	kde_toolbardir="\${prefix}/share/toolbar" 	kde_wallpaperdir="\${prefix}/share/wallpapers" 	kde_templatesdir="\${prefix}/share/templates" 	kde_bindir="\${exec_prefix}/bin" 	kde_servicesdir="\${prefix}/share/services" 	kde_servicetypesdir="\${prefix}/share/servicetypes" 	kde_moduledir="\${libdir}/kde3" 	kde_styledir="\${libdir}/kde3/plugins/styles" 	kde_widgetdir="/opt/kde3/lib/kde3/plugins/designer" 	xdg_appsdir="\${datadir}/applications" 	xdg_directorydir="\${datadir}/desktop-directories" 	kde_result=defaults'
kde_cv_func_strlcat=no
kde_cv_func_strlcpy=no
kde_cv_have_libXext=yes
kde_cv_have_x='have_x=yes          kde_x_includes=/usr/X11R6/include kde_x_libraries=/usr/X11R6/lib'
kde_cv_path=/opt/kde3/bin/meinproc
kde_cv_path_artsc_config=/opt/kde3/bin/artsc-config
kde_cv_path_dcopidl=/opt/kde3/bin/dcopidl
kde_cv_path_dcopidl2cpp=/opt/kde3/bin/dcopidl2cpp
kde_cv_path_kde_config=/opt/kde3/bin/kde-config
kde_cv_path_mcopidl=/opt/kde3/bin/mcopidl
kde_cv_path_meinproc=/opt/kde3/bin/meinproc
kde_cv_path_moc=/usr/lib/qt3/bin/moc
kde_cv_path_uic=/usr/lib/qt3/bin/uic
kde_cv_prog_cxx_O0=yes
kde_cv_prog_cxx_Wmissing_format_attribute=yes
kde_cv_prog_cxx_Wno_long_long=yes
kde_cv_prog_cxx_Wnon_virtual_dtor=yes
kde_cv_prog_cxx_Wundef=yes
kde_cv_prog_cxx_fexceptions=yes
kde_cv_prog_cxx_fno_check_new=yes
kde_cv_prog_cxx_fno_common=yes
kde_cv_prog_cxx_fno_exceptions=yes
kde_cv_prog_uic_L=yes
kde_cv_prog_uic_nounload=yes
kde_cv_proto_strlcat='yes - in libkdefakes'
kde_cv_proto_strlcpy='yes - in libkdefakes'
kde_cv_qt_direct=no
kde_cv_qt_jpeg=no
kde_cv_uic_plugins=yes
lt_cv_deplibs_check_method=pass_all
lt_cv_file_magic_cmd='$MAGIC_CMD'
lt_cv_file_magic_test_file='/lib/libc.so.6 /lib/libc-*.so'
lt_cv_ld_reload_flag=-r
lt_cv_objdir=.libs
lt_cv_path_LD=/usr/i586-suse-linux/bin/ld
lt_cv_path_NM='/usr/bin/nm -B'
lt_cv_path_SED=/usr/bin/sed
lt_cv_prog_compiler_c_o=yes
lt_cv_prog_compiler_c_o_CXX=yes
lt_cv_prog_compiler_c_o_GCJ=no
lt_cv_prog_compiler_rtti_exceptions=no
lt_cv_prog_gnu_ld=yes
lt_cv_sys_global_symbol_pipe='sed -n -e '\''s/^.*[ 	]\([ABCDGISTW][ABCDGISTW]*\)[ 	][ 	]*\(\)\([_A-Za-z][_A-Za-z0-9]*\)$/\1 \2\3 \3/p'\'''
lt_cv_sys_global_symbol_to_c_name_address='sed -n -e '\''s/^: \([^ ]*\) $/  {\"\1\", (lt_ptr) 0},/p'\'' -e '\''s/^[BCDEGRST] \([^ ]*\) \([^ ]*\)$/  {"\2", (lt_ptr) \&\2},/p'\'''
lt_cv_sys_global_symbol_to_cdecl='sed -n -e '\''s/^. .* \(.*\)$/extern int \1;/p'\'''
lt_cv_sys_max_cmd_len=32768
lt_lt_cv_prog_compiler_c_o='"yes"'
lt_lt_cv_prog_compiler_c_o_CXX='"yes"'
lt_lt_cv_prog_compiler_c_o_GCJ='"no"'
lt_lt_cv_sys_global_symbol_pipe='"sed -n -e '\''s/^.*[ 	]\\([ABCDGISTW][ABCDGISTW]*\\)[ 	][ 	]*\\(\\)\\([_A-Za-z][_A-Za-z0-9]*\\)\$/\\1 \\2\\3 \\3/p'\''"'
lt_lt_cv_sys_global_symbol_to_c_name_address='"sed -n -e '\''s/^: \\([^ ]*\\) \$/  {\\\"\\1\\\", (lt_ptr) 0},/p'\'' -e '\''s/^[BCDEGRST] \\([^ ]*\\) \\([^ ]*\\)\$/  {\"\\2\", (lt_ptr) \\&\\2},/p'\''"'
lt_lt_cv_sys_global_symbol_to_cdecl='"sed -n -e '\''s/^. .* \\(.*\\)\$/extern int \\1;/p'\''"'

## ----------------- ##
## Output variables. ##
## ----------------- ##

ACLOCAL='${SHELL} /home/mkulke/Apps/kasablanca-0.3/admin/missing --run aclocal-1.7'
AMDEPBACKSLASH='\'
AMDEP_FALSE='#'
AMDEP_TRUE=''
AMTAR='${SHELL} /home/mkulke/Apps/kasablanca-0.3/admin/missing --run tar'
ARTSCCONFIG='/opt/kde3/bin/artsc-config'
AUTOCONF='${SHELL} /home/mkulke/Apps/kasablanca-0.3/admin/missing --run autoconf'
AUTODIRS=''
AUTOHEADER='${SHELL} /home/mkulke/Apps/kasablanca-0.3/admin/missing --run autoheader'
AUTOMAKE='${SHELL} /home/mkulke/Apps/kasablanca-0.3/admin/missing --run automake-1.7'
AWK='gawk'
BROCKENBORING=''
CC='gcc'
CCDEPMODE='depmode=gcc3'
CFLAGS='-ansi -W -Wall -pedantic -Wchar-subscripts -Wshadow -Wpointer-arith -Wmissing-prototypes -Wwrite-strings -D_XOPEN_SOURCE=500 -D_BSD_SOURCE -O2   -Wformat-security -Wmissing-format-attribute'
CONF_FILES=' $(top_srcdir)/./admin/configure.in.min $(top_srcdir)/configure.in.in'
CPP='gcc -E'
CPPFLAGS=' -DQT_THREAD_SUPPORT  -D_REENTRANT'
CXX='g++'
CXXCPP='g++ -E'
CXXDEPMODE='depmode=gcc3'
CXXFLAGS='-Wnon-virtual-dtor -Wno-long-long -Wundef -Wall -pedantic -W -Wpointer-arith -Wwrite-strings -ansi -D_XOPEN_SOURCE=500 -D_BSD_SOURCE -Wcast-align -Wconversion -Wchar-subscripts -O2 -Wformat-security -Wmissing-format-attribute -fno-exceptions -fno-check-new -fno-common'
CYGPATH_W='echo'
DCOPIDL2CPP='/opt/kde3/bin/dcopidl2cpp'
DCOPIDL='/opt/kde3/bin/dcopidl'
DCOP_DEPENDENCIES='$(DCOPIDL)'
DEFS='-DHAVE_CONFIG_H'
DEPDIR='.deps'
ECHO='echo'
ECHO_C=''
ECHO_N='-n'
ECHO_T=''
EGREP='grep -E'
EXEEXT=''
FRAMEWORK_COREAUDIO=''
GMSGFMT='/usr/bin/msgfmt'
INSTALL_DATA='${INSTALL} -m 644'
INSTALL_PROGRAM='${INSTALL} $(INSTALL_STRIP_FLAG)'
INSTALL_SCRIPT='${INSTALL}'
INSTALL_STRIP_PROGRAM='${SHELL} $(install_sh) -c -s'
KDECONFIG='/opt/kde3/bin/kde-config'
KDE_EXTRA_RPATH=''
KDE_INCLUDES='-I/opt/kde3/include'
KDE_LDFLAGS='-L/opt/kde3/lib'
KDE_MT_LDFLAGS=''
KDE_MT_LIBS='-lpthread'
KDE_NO_UNDEFINED=''
KDE_PLUGIN='-avoid-version -module -no-undefined $(KDE_NO_UNDEFINED) $(KDE_RPATH) $(KDE_MT_LDFLAGS)'
KDE_RPATH='-R $(kde_libraries) -R $(qt_libraries) -R $(x_libraries)'
KDE_USE_CLOSURE_FALSE='#'
KDE_USE_CLOSURE_TRUE=''
KDE_USE_FINAL_FALSE=''
KDE_USE_FINAL_TRUE='#'
KDE_USE_NMCHECK_FALSE=''
KDE_USE_NMCHECK_TRUE='#'
KDE_XSL_STYLESHEET='/opt/kde3/share/apps/ksgmltools2/customization/kde-chunk.xsl'
LDFLAGS=''
LIBCOMPAT=''
LIBCRYPT='-lcrypt'
LIBDL='-ldl'
LIBJPEG='-ljpeg'
LIBOBJS=''
LIBPNG='-lpng -lz -lm'
LIBPTHREAD='-lpthread'
LIBRESOLV='-lresolv'
LIBS=''
LIBSM='-lSM -lICE'
LIBSOCKET=''
LIBTOOL='$(SHELL) $(top_builddir)/libtool --silent'
LIBUCB=''
LIBUTIL='-lutil'
LIBZ='-lz'
LIB_KAB='-lkab'
LIB_KABC='-lkabc'
LIB_KDECORE='-lkdecore'
LIB_KDEPRINT='-lkdeprint'
LIB_KDEUI='-lkdeui'
LIB_KFILE='-lkio'
LIB_KFM=''
LIB_KHTML='-lkhtml'
LIB_KIO='-lkio'
LIB_KPARTS='-lkparts'
LIB_KSPELL='-lkspell'
LIB_KSYCOCA='-lkio'
LIB_POLL=''
LIB_QPE=''
LIB_QT='-lqt-mt  $(LIBZ) $(LIBPNG) -lXext $(LIB_X11) $(LIBSM) -lpthread'
LIB_SMB='-lsmb'
LIB_X11='-lX11 $(LIBSOCKET)'
LIB_XEXT='-lXext'
LIB_XRENDER=''
LN_S='ln -s'
LTLIBOBJS=''
MAKEINFO='${SHELL} /home/mkulke/Apps/kasablanca-0.3/admin/missing --run makeinfo'
MCOPIDL='/opt/kde3/bin/mcopidl'
MEINPROC='/opt/kde3/bin/meinproc'
MOC='/usr/lib/qt3/bin/moc'
MSGFMT='/usr/bin/msgfmt'
NOOPT_CFLAGS='-O0'
NOOPT_CXXFLAGS='-O0'
OBJEXT='o'
PACKAGE='kasablanca'
PACKAGE_BUGREPORT=''
PACKAGE_NAME=''
PACKAGE_STRING=''
PACKAGE_TARNAME=''
PACKAGE_VERSION=''
PATH_SEPARATOR=':'
QTE_NORTTI=''
QT_INCLUDES='-I/usr/lib/qt3/include'
QT_LDFLAGS='-L/usr/lib/qt3/lib'
RANLIB='ranlib'
SET_MAKE=''
SHELL='/bin/sh'
STRIP='strip'
TOPSUBDIRS=' doc po src'
UIC='/usr/lib/qt3/bin/uic -L $(kde_widgetdir) -nounload'
UIC_TR='tr2i18n'
USER_INCLUDES=''
USER_LDFLAGS=''
USE_EXCEPTIONS='-fexceptions'
USE_RTTI=''
USE_THREADS=''
VERSION='0.3'
WOVERLOADED_VIRTUAL=''
XGETTEXT='/usr/bin/xgettext'
X_EXTRA_LIBS=''
X_INCLUDES='-I/usr/X11R6/include'
X_LDFLAGS='-L/usr/X11R6/lib'
X_PRE_LIBS=''
X_RPATH='-R $(x_libraries)'
ac_ct_CC='gcc'
ac_ct_CXX='g++'
ac_ct_RANLIB='ranlib'
ac_ct_STRIP='strip'
all_includes='-I/opt/kde3/include -I/usr/lib/qt3/include -I/usr/X11R6/include '
all_libraries='-L/usr/X11R6/lib -L/usr/lib/qt3/lib -L/opt/kde3/lib '
am__fastdepCC_FALSE='#'
am__fastdepCC_TRUE=''
am__fastdepCXX_FALSE='#'
am__fastdepCXX_TRUE=''
am__include='include'
am__leading_dot='.'
am__quote=''
bindir='${exec_prefix}/bin'
build='i686-pc-linux-gnu'
build_alias=''
build_cpu='i686'
build_os='linux-gnu'
build_vendor='pc'
datadir='${prefix}/share'
exec_prefix='${prefix}'
host='i686-pc-linux-gnu'
host_alias=''
host_cpu='i686'
host_os='linux-gnu'
host_vendor='pc'
include_ARTS_FALSE='#'
include_ARTS_TRUE=''
includedir='${prefix}/include'
infodir='${prefix}/info'
install_sh='/home/mkulke/Apps/kasablanca-0.3/admin/install-sh'
kde_appsdir='${prefix}/share/applnk'
kde_bindir='${exec_prefix}/bin'
kde_confdir='${prefix}/share/config'
kde_datadir='${prefix}/share/apps'
kde_htmldir='${prefix}/share/doc/HTML'
kde_icondir='${prefix}/share/icons'
kde_includes='/opt/kde3/include'
kde_libraries='/opt/kde3/lib'
kde_libs_htmldir='/opt/kde3/share/doc/HTML'
kde_libs_prefix='/opt/kde3'
kde_locale='${prefix}/share/locale'
kde_mimedir='${prefix}/share/mimelnk'
kde_moduledir='${libdir}/kde3'
kde_qtver='3'
kde_servicesdir='${prefix}/share/services'
kde_servicetypesdir='${prefix}/share/servicetypes'
kde_sounddir='${prefix}/share/sounds'
kde_styledir='${libdir}/kde3/plugins/styles'
kde_templatesdir='${prefix}/share/templates'
kde_wallpaperdir='${prefix}/share/wallpapers'
kde_widgetdir='/opt/kde3/lib/kde3/plugins/designer'
kdeinitdir='$(kde_moduledir)'
libdir='${exec_prefix}/lib'
libexecdir='${exec_prefix}/libexec'
localstatedir='${prefix}/var'
mandir='${prefix}/man'
oldincludedir='/usr/include'
prefix='/opt/kde3'
program_transform_name='s,x,x,'
qt_includes='/usr/lib/qt3/include'
qt_libraries='/usr/lib/qt3/lib'
sbindir='${exec_prefix}/sbin'
sharedstatedir='${prefix}/com'
sysconfdir='${prefix}/etc'
target='i686-pc-linux-gnu'
target_alias=''
target_cpu='i686'
target_os='linux-gnu'
target_vendor='pc'
x_includes='/usr/X11R6/include'
x_libraries='/usr/X11R6/lib'
xdg_appsdir='${datadir}/applications'
xdg_directorydir='${datadir}/desktop-directories'

## ----------- ##
## confdefs.h. ##
## ----------- ##

#define HAVE_CRYPT 1
#define HAVE_DLFCN_H 1
#define HAVE_INTTYPES_H 1
#define HAVE_LIBJPEG 1
#define HAVE_LIBPNG 1
#define HAVE_LIBPTHREAD 1
#define HAVE_LIBZ 1
#define HAVE_MEMORY_H 1
#define HAVE_RES_INIT 1
#define HAVE_RES_INIT 1
#define HAVE_SNPRINTF 1
#define HAVE_STDINT_H 1
#define HAVE_STDINT_H 1
#define HAVE_STDLIB_H 1
#define HAVE_STRINGS_H 1
#define HAVE_STRING_H 1
#define HAVE_SYS_STAT_H 1
#define HAVE_SYS_TYPES_H 1
#define HAVE_SYS_TYPES_H 1
#define HAVE_UNISTD_H 1
#define HAVE_VSNPRINTF 1
#define KDELIBSUFF ""
#define KDEMAXPATHLEN 4096
#define PACKAGE "kasablanca"
#define PACKAGE_BUGREPORT ""
#define PACKAGE_NAME ""
#define PACKAGE_STRING ""
#define PACKAGE_TARNAME ""
#define PACKAGE_VERSION ""
#define SIZEOF_CHAR_P 4
#define SIZEOF_INT 4
#define SIZEOF_LONG 4
#define SIZEOF_SIZE_T 4
#define SIZEOF_UNSIGNED_LONG 4
#define STDC_HEADERS 1
#define VERSION "0.3"
#define ksize_t socklen_t
#endif
#ifdef __cplusplus
#include <stdlib.h>

configure: exit 0
